#                                                                            --- full sequence --- -------------- this domain -------------   hmm coord   ali coord   env coord
# target name        accession   tlen query name           accession   qlen   E-value  score  bias   #  of  c-Evalue  i-Evalue  score  bias  from    to  from    to  from    to  acc description of target
#------------------- ---------- ----- -------------------- ---------- ----- --------- ------ ----- --- --- --------- --------- ------ ----- ----- ----- ----- ----- ----- ----- ---- ---------------------
YP_704623.1          -            471 Cyp125(GramPos)      -            408  1.1e-231  767.3   0.0   1   1  4.1e-234  1.3e-231  767.1   0.0     2   408    55   460    54   460 1.00 no_gene_name-cytochrome P450
YP_704611.1          -            405 Cyp125(GramPos)      -            408  3.8e-133  442.8   0.0   1   1  1.4e-135  4.2e-133  442.6   0.0     8   407     4   398     1   399 0.95 no_gene_name-cytochrome P450
YP_702318.1          -            407 Cyp125(GramPos)      -            408  2.6e-130  433.4   0.1   1   1    1e-132  3.2e-130  433.1   0.1     9   407     5   401     2   402 0.94 no_gene_name-cytochrome P450
YP_702614.1          -            410 Cyp125(GramPos)      -            408  2.3e-112  374.3   0.0   1   1  8.6e-115  2.7e-112  374.1   0.0    10   407     8   404     2   405 0.95 no_gene_name-cytochrome P450
YP_703784.1          -            409 Cyp125(GramPos)      -            408   1.9e-95  318.6   0.0   1   1   7.6e-98   2.4e-95  318.3   0.0    26   405    28   402    19   405 0.93 no_gene_name-cytochrome P450
YP_704532.1          -            397 Cyp125(GramPos)      -            408   1.3e-75  253.3   0.0   1   2      0.16        50    1.0   0.0     7    43    10    48     4    55 0.80 no_gene_name-cytochrome P450
YP_704532.1          -            397 Cyp125(GramPos)      -            408   1.3e-75  253.3   0.0   2   2   3.6e-77   1.1e-74  250.2   0.0    99   407    82   396    79   397 0.92 no_gene_name-cytochrome P450
YP_704613.1          -            408 Cyp125(GramPos)      -            408   7.2e-66  221.2   0.0   1   1   2.9e-68   9.2e-66  220.8   0.0    27   404    31   399    14   403 0.89 no_gene_name-cytochrome P450
YP_705656.1          -            415 Cyp125(GramPos)      -            408     9e-60  201.1   0.0   1   1   3.8e-62   1.2e-59  200.7   0.0    21   385    28   388    15   396 0.88 no_gene_name-cytochrome P450
YP_700387.1          -            412 Cyp125(GramPos)      -            408   1.1e-57  194.2   0.0   1   1   6.1e-60   1.9e-57  193.4   0.0     5   407    11   406     7   407 0.87 no_gene_name-cytochrome P450
YP_702473.1          -            403 Cyp125(GramPos)      -            408   6.4e-56  188.4   0.0   1   1     3e-58   9.3e-56  187.9   0.0    47   394    32   387    15   401 0.87 no_gene_name-cytochrome P450
YP_700417.1          -            409 Cyp125(GramPos)      -            408   7.8e-54  181.5   0.0   1   1   3.6e-56   1.1e-53  181.0   0.0     8   404    12   401     1   405 0.83 no_gene_name-cytochrome P450
YP_702911.1          -            400 Cyp125(GramPos)      -            408   8.5e-54  181.4   0.0   1   1   3.4e-56   1.1e-53  181.1   0.0    97   395    85   384    11   397 0.86 no_gene_name-cytochrome P450
YP_702567.1          -            408 Cyp125(GramPos)      -            408   6.7e-53  178.5   0.0   1   1   2.6e-55   8.1e-53  178.2   0.0    27   387    26   379    21   403 0.82 no_gene_name-cytochrome P450
YP_700371.1          -            417 Cyp125(GramPos)      -            408   9.4e-52  174.7   0.0   1   1   5.2e-54   1.6e-51  173.9   0.0     5   389    17   393    13   412 0.85 no_gene_name-cytochrome P450
YP_702345.1          -            403 Cyp125(GramPos)      -            408   6.4e-30  102.8   0.0   1   1   2.9e-32   9.1e-30  102.3   0.0   105   386    82   378    72   389 0.86 no_gene_name-cytochrome P450
YP_703834.1          -            404 Cyp125(GramPos)      -            408   1.2e-26   92.0   0.0   1   1     6e-29   1.9e-26   91.4   0.0    97   386    75   379    15   392 0.83 no_gene_name-cytochrome P450
YP_702742.1          -            115 Cyp125(GramPos)      -            408   1.5e-11   42.3   0.0   1   1   5.4e-14   1.7e-11   42.1   0.0   304   369     2    67     1    83 0.92 no_gene_name-cytochrome P450
YP_705149.1          -            463 Cyp125(GramPos)      -            408   6.9e-10   36.8   0.2   1   2      0.13        42    1.3   0.0    99   132   104   137   100   144 0.84 no_gene_name-cytochrome P450
YP_705149.1          -            463 Cyp125(GramPos)      -            408   6.9e-10   36.8   0.2   2   2   1.9e-10   5.9e-08   30.4   0.0   214   376   230   420   219   425 0.77 no_gene_name-cytochrome P450
YP_703037.1          -            461 Cyp125(GramPos)      -            408   1.2e-09   36.0   0.1   1   3     0.051        16    2.7   0.0   100   130   107   137   103   152 0.82 no_gene_name-cytochrome P450
YP_703037.1          -            461 Cyp125(GramPos)      -            408   1.2e-09   36.0   0.1   2   3   0.00011     0.035   11.5   0.0   213   275   231   293   223   303 0.83 no_gene_name-cytochrome P450
YP_703037.1          -            461 Cyp125(GramPos)      -            408   1.2e-09   36.0   0.1   3   3   1.1e-06   0.00034   18.1   0.0   286   376   323   422   317   426 0.81 no_gene_name-cytochrome P450
YP_704615.1          -            450 Cyp125(GramPos)      -            408   2.5e-09   35.0   0.0   1   2    0.0045       1.4    6.1   0.0   198   273   196   278   185   287 0.76 no_gene_name-cytochrome P450
YP_704615.1          -            450 Cyp125(GramPos)      -            408   2.5e-09   35.0   0.0   2   2   2.5e-09   7.9e-07   26.7   0.0   283   377   308   411   300   431 0.85 no_gene_name-cytochrome P450
YP_704571.1          -            498 Cyp125(GramPos)      -            408   0.00012   19.6   0.0   1   2       3.5   1.1e+03   -3.4   0.0   104   148   136   180   133   196 0.75 no_gene_name-cytochrome P450
YP_704571.1          -            498 Cyp125(GramPos)      -            408   0.00012   19.6   0.0   2   2   1.3e-05    0.0041   14.5   0.0   213   377   270   464   242   475 0.68 no_gene_name-cytochrome P450
YP_703045.1          -            110 Cyp125(GramPos)      -            408    0.0093   13.3   0.0   1   1   3.1e-05    0.0096   13.3   0.0   142   188    12    58     1    77 0.81 no_gene_name-cytochrome P450
YP_702741.1          -             60 Cyp125(GramPos)      -            408     0.058   10.7   0.0   1   1    0.0002     0.064   10.6   0.0   121   172     7    58     2    60 0.91 no_gene_name-hypothetical protein
#
# Program:         hmmsearch
# Version:         3.1b1 (May 2013)
# Pipeline mode:   SEARCH
# Query file:      ./TestHMMs/Cyp125(GramPos).hmm
# Target file:     -
# Option settings: hmmsearch --domtblout BLAM.out --acc --cpu 4 ./TestHMMs/Cyp125(GramPos).hmm - 
# Current dir:     /Users/lee/Dropbox/RandD/Repositories/HMM-Search-And-Extraction
# Date:            Fri May 23 13:31:22 2014
# [ok]
