>> Starting up...
>> Performing file extention checks...
>> Opening FASTA File: ./SupplementaryScripts/NC_008268.faa
>> Opening CSV File: ./SupplementaryScripts/OrganismDB.csv
>> Good CSV file.
>> Opening HMM File: ./TestHMMs/Cyp125(GramPos).hmm
>> Extracting Protein Annotations...
>> Extracting Organism Info...
>> Running Hmmsearch...
>> Parsing and filtering hmmsearch results...
>> Extracting Hit Proteins.
>> Opened database successfully!
         791064 function calls (769366 primitive calls) in 1.475 seconds

   Ordered by: standard name

   ncalls  tottime  percall  cumtime  percall filename:lineno(function)
        1    0.000    0.000    0.000    0.000 <string>:1(<module>)
        1    0.000    0.000    0.000    0.000 <string>:1(ArgInfo)
        1    0.000    0.000    0.000    0.000 <string>:1(ArgSpec)
        1    0.000    0.000    0.000    0.000 <string>:1(Arguments)
        1    0.000    0.000    0.000    0.000 <string>:1(Attribute)
        1    0.000    0.000    0.000    0.000 <string>:1(ModuleInfo)
        1    0.000    0.000    0.000    0.000 <string>:1(ParseResult)
        1    0.000    0.000    0.000    0.000 <string>:1(SplitResult)
        1    0.000    0.000    0.000    0.000 <string>:1(Traceback)
        1    0.000    0.000    0.000    0.000 AbiIO.py:7(<module>)
        1    0.000    0.000    0.000    0.000 Ace.py:108(af)
        1    0.000    0.000    0.000    0.000 Ace.py:126(bs)
        1    0.000    0.000    0.000    0.000 Ace.py:139(rt)
        1    0.000    0.000    0.000    0.000 Ace.py:159(ct)
        1    0.000    0.000    0.000    0.000 Ace.py:183(wa)
        1    0.000    0.000    0.000    0.000 Ace.py:197(wr)
        1    0.000    0.000    0.000    0.000 Ace.py:212(Reads)
        1    0.000    0.000    0.000    0.000 Ace.py:229(Contig)
        1    0.000    0.000    0.000    0.000 Ace.py:461(ACEFileRecord)
        1    0.000    0.000    0.000    0.000 Ace.py:5(<module>)
        1    0.000    0.000    0.000    0.000 Ace.py:59(rd)
        1    0.000    0.000    0.000    0.000 Ace.py:72(qa)
        1    0.000    0.000    0.000    0.000 Ace.py:87(ds)
        1    0.006    0.006    0.006    0.006 AceIO.py:7(<module>)
        1    0.000    0.000    0.000    0.000 ClustalIO.py:20(ClustalWriter)
        1    0.000    0.000    0.000    0.000 ClustalIO.py:6(<module>)
        1    0.000    0.000    0.000    0.000 ClustalIO.py:84(ClustalIterator)
       51    0.003    0.000    0.003    0.000 CodonTable.py:121(make_back_table)
        1    0.000    0.000    0.000    0.000 CodonTable.py:132(NCBICodonTable)
       51    0.000    0.000    0.003    0.000 CodonTable.py:136(__init__)
        1    0.000    0.000    0.000    0.000 CodonTable.py:145(NCBICodonTableDNA)
        1    0.000    0.000    0.000    0.000 CodonTable.py:149(NCBICodonTableRNA)
        1    0.000    0.000    0.000    0.000 CodonTable.py:155(AmbiguousCodonTable)
       51    0.001    0.000    0.109    0.002 CodonTable.py:156(__init__)
       50    0.000    0.000    0.000    0.000 CodonTable.py:180(__getattr__)
       40    0.000    0.000    0.000    0.000 CodonTable.py:184(list_possible_proteins)
      107    0.034    0.000    0.098    0.001 CodonTable.py:208(list_ambiguous_codons)
      416    0.022    0.000    0.026    0.000 CodonTable.py:225(<genexpr>)
     7862    0.003    0.000    0.003    0.000 CodonTable.py:227(<genexpr>)
      310    0.016    0.000    0.018    0.000 CodonTable.py:228(<genexpr>)
     7862    0.002    0.000    0.002    0.000 CodonTable.py:230(<genexpr>)
      497    0.015    0.000    0.019    0.000 CodonTable.py:231(<genexpr>)
     7862    0.003    0.000    0.003    0.000 CodonTable.py:233(<genexpr>)
        1    0.000    0.000    0.000    0.000 CodonTable.py:283(AmbiguousForwardTable)
       51    0.009    0.000    0.011    0.000 CodonTable.py:284(__init__)
       57    0.000    0.000    0.001    0.000 CodonTable.py:308(__getitem__)
       16    0.000    0.000    0.000    0.000 CodonTable.py:373(<lambda>)
       17    0.002    0.000    0.114    0.007 CodonTable.py:380(register_ncbi_table)
        1    0.001    0.001    0.118    0.118 CodonTable.py:4(<module>)
        1    0.000    0.000    0.000    0.000 CodonTable.py:41(TranslationError)
        1    0.000    0.000    0.000    0.000 CodonTable.py:45(CodonTable)
       51    0.000    0.000    0.000    0.000 CodonTable.py:55(__init__)
        1    0.000    0.000    0.000    0.000 ElementPath.py:237(_SelectorContext)
        1    0.000    0.000    0.002    0.002 ElementPath.py:59(<module>)
        1    0.000    0.000    0.000    0.000 ElementTree.py:104(_SimpleElementPath)
        1    0.000    0.000    0.000    0.000 ElementTree.py:1205(_IterParseIterator)
        1    0.000    0.000    0.000    0.000 ElementTree.py:1365(TreeBuilder)
        1    0.000    0.000    0.000    0.000 ElementTree.py:138(ParseError)
        1    0.000    0.000    0.000    0.000 ElementTree.py:1455(XMLParser)
        1    0.000    0.000    0.000    0.000 ElementTree.py:171(Element)
        1    0.000    0.000    0.000    0.000 ElementTree.py:580(QName)
        1    0.000    0.000    0.002    0.002 ElementTree.py:59(<module>)
        1    0.000    0.000    0.000    0.000 ElementTree.py:605(ElementTree)
        1    0.000    0.000    0.000    0.000 EmbossIO.py:23(EmbossWriter)
        1    0.000    0.000    0.000    0.000 EmbossIO.py:6(<module>)
        1    0.000    0.000    0.000    0.000 EmbossIO.py:63(EmbossIterator)
        1    0.000    0.000    0.000    0.000 FastaIO.py:10(<module>)
        1    0.000    0.000    0.000    0.000 FastaIO.py:126(FastaWriter)
     7211    0.009    0.000    0.014    0.000 FastaIO.py:128(__init__)
     7211    0.057    0.000    0.122    0.000 FastaIO.py:166(write_record)
     7212    0.016    0.000    0.095    0.000 FastaIO.py:22(SimpleFastaParser)
        1    0.000    0.000    0.000    0.000 FastaIO.py:6(<module>)
     7212    0.011    0.000    0.136    0.000 FastaIO.py:73(FastaIterator)
        1    0.000    0.000    0.000    0.000 File.py:102(UndoHandle)
        1    0.000    0.000    0.000    0.000 File.py:190(_IndexedSeqFileProxy)
        1    0.000    0.000    0.000    0.000 File.py:220(_IndexedSeqFileDict)
        1    0.000    0.000    0.000    0.000 File.py:410(_SQLiteManySeqFilesDict)
    14424    0.003    0.000    0.005    0.000 File.py:46(as_handle)
        1    0.000    0.000    0.001    0.001 File.py:8(<module>)
        1    0.000    0.000    0.000    0.000 Generic.py:26(Alignment)
        1    0.000    0.000    0.000    0.000 Generic.py:8(<module>)
        1    0.000    0.000    0.000    0.000 HMMExtract.py:124(getHitProteins)
        1    0.000    0.000    0.011    0.011 HMMExtract.py:142(insertOrganismInfo)
        1    0.000    0.000    0.073    0.073 HMMExtract.py:147(insertHits)
        1    0.000    0.000    0.004    0.004 HMMExtract.py:153(insertProteins)
        1    0.004    0.004    1.476    1.476 HMMExtract.py:16(<module>)
        1    0.000    0.000    0.000    0.000 HMMExtract.py:36(argsCheck)
        1    0.000    0.000    0.135    0.135 HMMExtract.py:45(runHMMSearch)
        1    0.016    0.016    0.540    0.540 HMMExtract.py:56(createProteomeHash)
        1    0.000    0.000    0.002    0.002 HMMExtract.py:70(parseHmmsearchResults)
        1    0.000    0.000    0.000    0.000 HMMExtract.py:94(filterHMMHitTable)
        1    0.000    0.000    0.000    0.000 HMMExtract.py:98(filterHMMHitTableByOverLap)
        1    0.000    0.000    0.000    0.000 IUPAC.py:21(ExtendedIUPACProtein)
        1    0.000    0.000    0.000    0.000 IUPAC.py:43(IUPACProtein)
        1    0.000    0.000    0.000    0.000 IUPAC.py:54(IUPACAmbiguousDNA)
        1    0.000    0.000    0.000    0.000 IUPAC.py:61(IUPACUnambiguousDNA)
        1    0.000    0.000    0.000    0.000 IUPAC.py:69(ExtendedIUPACDNA)
        1    0.000    0.000    0.001    0.001 IUPAC.py:8(<module>)
        1    0.000    0.000    0.000    0.000 IUPAC.py:86(IUPACAmbiguousRNA)
        1    0.000    0.000    0.000    0.000 IUPAC.py:93(IUPACUnambiguousRNA)
        3    0.000    0.000    0.000    0.000 IUPACData.py:135(_make_ranges)
        3    0.000    0.000    0.000    0.000 IUPACData.py:159(_make_ambiguous_ranges)
        1    0.000    0.000    0.000    0.000 IUPACData.py:3(<module>)
       21    0.000    0.000    0.000    0.000 IUPACData.py:40(<genexpr>)
       27    0.000    0.000    0.000    0.000 IUPACData.py:42(<genexpr>)
        1    0.000    0.000    0.000    0.000 IgIO.py:10(<module>)
        1    0.000    0.000    0.000    0.000 InsdcIO.py:1112(ImgtWriter)
        1    0.000    0.000    0.000    0.000 InsdcIO.py:274(_InsdcWriter)
        1    0.000    0.000    0.000    0.000 InsdcIO.py:424(GenBankWriter)
        1    0.001    0.001    0.084    0.084 InsdcIO.py:7(<module>)
        1    0.000    0.000    0.000    0.000 InsdcIO.py:813(EmblWriter)
        1    0.000    0.000    0.000    0.000 Interfaces.py:115(SequentialAlignmentWriter)
        1    0.000    0.000    0.000    0.000 Interfaces.py:134(SequenceWriter)
     7211    0.016    0.000    0.024    0.000 Interfaces.py:148(_get_seq_string)
    14422    0.011    0.000    0.023    0.000 Interfaces.py:160(clean)
        1    0.000    0.000    0.000    0.000 Interfaces.py:18(AlignmentIterator)
        1    0.000    0.000    0.000    0.000 Interfaces.py:180(SequentialSequenceWriter)
        1    0.000    0.000    0.000    0.000 Interfaces.py:19(SequenceIterator)
     7211    0.005    0.000    0.005    0.000 Interfaces.py:201(__init__)
     7211    0.006    0.000    0.006    0.000 Interfaces.py:207(write_header)
     7211    0.004    0.000    0.004    0.000 Interfaces.py:213(write_footer)
     7211    0.053    0.000    0.175    0.000 Interfaces.py:235(write_records)
     7211    0.013    0.000    0.198    0.000 Interfaces.py:257(write_file)
        2    0.000    0.000    0.000    0.000 Interfaces.py:5(<module>)
        1    0.000    0.000    0.000    0.000 Interfaces.py:80(InterlacedSequenceIterator)
        1    0.000    0.000    0.000    0.000 Interfaces.py:86(AlignmentWriter)
        1    0.000    0.000    0.000    0.000 Nexus.py:155(StepMatrix)
        1    0.000    0.000    0.000    0.000 Nexus.py:47(NexusError)
        1    0.000    0.000    0.000    0.000 Nexus.py:505(Commandline)
        1    0.000    0.000    0.000    0.000 Nexus.py:51(CharBuffer)
        1    0.000    0.000    0.000    0.000 Nexus.py:542(Block)
        1    0.000    0.000    0.000    0.000 Nexus.py:549(Nexus)
        1    0.001    0.001    0.001    0.001 Nexus.py:7(<module>)
        1    0.002    0.002    0.003    0.003 NexusIO.py:6(<module>)
        1    0.000    0.000    0.000    0.000 NexusIO.py:62(NexusWriter)
        1    0.000    0.000    0.000    0.000 Nodes.py:121(Node)
        1    0.000    0.000    0.000    0.000 Nodes.py:18(<module>)
        1    0.000    0.000    0.000    0.000 Nodes.py:18(ChainException)
        1    0.000    0.000    0.000    0.000 Nodes.py:22(NodeException)
        1    0.000    0.000    0.000    0.000 Nodes.py:26(Chain)
        1    0.000    0.000    0.000    0.000 PdbIO.py:5(<module>)
        1    0.000    0.000    0.000    0.000 Phd.py:27(Record)
        1    0.000    0.000    0.000    0.000 Phd.py:9(<module>)
        1    0.001    0.001    0.003    0.003 PhdIO.py:8(<module>)
        1    0.000    0.000    0.000    0.000 PhdIO.py:95(PhdWriter)
        1    0.000    0.000    0.000    0.000 PhylipIO.py:149(PhylipIterator)
        1    0.000    0.000    0.000    0.000 PhylipIO.py:269(RelaxedPhylipWriter)
        1    0.000    0.000    0.000    0.000 PhylipIO.py:295(RelaxedPhylipIterator)
        1    0.000    0.000    0.000    0.000 PhylipIO.py:314(SequentialPhylipWriter)
        1    0.000    0.000    0.000    0.000 PhylipIO.py:366(SequentialPhylipIterator)
        1    0.000    0.000    0.000    0.000 PhylipIO.py:48(PhylipWriter)
        1    0.000    0.000    0.000    0.000 PhylipIO.py:6(<module>)
        1    0.000    0.000    0.000    0.000 PirIO.py:9(<module>)
        1    0.000    0.000    0.000    0.000 QualityIO.py:1379(FastqPhredWriter)
        1    0.000    0.000    0.000    0.000 QualityIO.py:1454(QualPhredWriter)
        1    0.000    0.000    0.000    0.000 QualityIO.py:1564(FastqSolexaWriter)
        1    0.000    0.000    0.000    0.000 QualityIO.py:1642(FastqIlluminaWriter)
       63    0.000    0.000    0.000    0.000 QualityIO.py:383(solexa_quality_from_phred)
      167    0.000    0.000    0.000    0.000 QualityIO.py:476(phred_quality_from_solexa)
       95    0.000    0.000    0.001    0.000 QualityIO.py:542(<genexpr>)
      100    0.000    0.000    0.001    0.000 QualityIO.py:546(<genexpr>)
       64    0.000    0.000    0.000    0.000 QualityIO.py:662(<genexpr>)
       69    0.000    0.000    0.000    0.000 QualityIO.py:666(<genexpr>)
       69    0.000    0.000    0.000    0.000 QualityIO.py:730(<genexpr>)
       64    0.000    0.000    0.000    0.000 QualityIO.py:734(<genexpr>)
        1    0.000    0.000    0.003    0.003 QualityIO.py:9(<module>)
        1    0.000    0.000    0.000    0.000 SCOPData.py:5(<module>)
        1    0.000    0.000    0.000    0.000 Scanner.py:39(InsdcScanner)
        1    0.000    0.000    0.000    0.000 Scanner.py:560(EmblScanner)
        1    0.000    0.000    0.000    0.000 Scanner.py:6(<module>)
        1    0.000    0.000    0.000    0.000 Scanner.py:843(_ImgtScanner)
        1    0.000    0.000    0.000    0.000 Scanner.py:941(GenBankScanner)
        1    0.000    0.000    0.000    0.000 Seq.py:1057(UnknownSeq)
     7211    0.001    0.000    0.001    0.000 Seq.py:125(__str__)
        1    0.000    0.000    0.000    0.000 Seq.py:1469(MutableSeq)
     7211    0.002    0.000    0.003    0.000 Seq.py:182(__len__)
        2    0.000    0.000    0.000    0.000 Seq.py:32(_maketrans)
        1    0.000    0.000    0.000    0.000 Seq.py:59(Seq)
     7211    0.003    0.000    0.003    0.000 Seq.py:79(__init__)
        1    0.001    0.001    0.120    0.120 Seq.py:8(<module>)
        1    0.000    0.000    0.000    0.000 SeqFeature.py:1219(AbstractPosition)
        1    0.000    0.000    0.000    0.000 SeqFeature.py:1228(ExactPosition)
        1    0.000    0.000    0.000    0.000 SeqFeature.py:1290(UncertainPosition)
        1    0.000    0.000    0.000    0.000 SeqFeature.py:1299(UnknownPosition)
        1    0.000    0.000    0.000    0.000 SeqFeature.py:1329(WithinPosition)
        1    0.000    0.000    0.000    0.000 SeqFeature.py:1452(BetweenPosition)
        1    0.000    0.000    0.000    0.000 SeqFeature.py:1554(BeforePosition)
        1    0.000    0.000    0.000    0.000 SeqFeature.py:1617(AfterPosition)
        1    0.000    0.000    0.000    0.000 SeqFeature.py:1687(OneOfPosition)
        1    0.000    0.000    0.000    0.000 SeqFeature.py:1784(PositionGap)
        1    0.000    0.000    0.000    0.000 SeqFeature.py:471(Reference)
        1    0.000    0.000    0.000    0.000 SeqFeature.py:520(FeatureLocation)
        1    0.000    0.000    0.000    0.000 SeqFeature.py:57(SeqFeature)
        1    0.000    0.000    0.000    0.000 SeqFeature.py:9(<module>)
        1    0.000    0.000    0.000    0.000 SeqFeature.py:932(CompoundLocation)
     7211    0.013    0.000    0.025    0.000 SeqRecord.py:152(__init__)
        1    0.000    0.000    0.000    0.000 SeqRecord.py:21(_RestrictedDict)
    21633    0.005    0.000    0.005    0.000 SeqRecord.py:308(<lambda>)
     7211    0.016    0.000    0.344    0.000 SeqRecord.py:641(format)
     7211    0.028    0.000    0.327    0.000 SeqRecord.py:675(__format__)
     7211    0.004    0.000    0.006    0.000 SeqRecord.py:72(__init__)
        1    0.000    0.000    0.000    0.000 SeqRecord.py:8(<module>)
        1    0.000    0.000    0.000    0.000 SeqRecord.py:92(SeqRecord)
        1    0.000    0.000    0.000    0.000 SeqXmlIO.py:102(SeqXmlIterator)
        1    0.000    0.000    0.000    0.000 SeqXmlIO.py:217(SeqXmlWriter)
        1    0.000    0.000    0.000    0.000 SeqXmlIO.py:32(XMLRecordIterator)
        1    0.002    0.002    0.003    0.003 SeqXmlIO.py:6(<module>)
        1    0.000    0.000    0.001    0.001 SffIO.py:7(<module>)
        1    0.000    0.000    0.000    0.000 SffIO.py:754(_AddTellHandle)
        1    0.000    0.000    0.000    0.000 SffIO.py:962(SffWriter)
        1    0.000    0.000    0.000    0.000 StockholmIO.py:141(StockholmWriter)
        1    0.000    0.000    0.000    0.000 StockholmIO.py:271(StockholmIterator)
        1    0.000    0.000    0.000    0.000 StockholmIO.py:6(<module>)
        1    0.000    0.000    0.000    0.000 SwissIO.py:8(<module>)
        1    0.000    0.000    0.000    0.000 TabIO.py:6(<module>)
        1    0.000    0.000    0.000    0.000 TabIO.py:73(TabWriter)
        1    0.000    0.000    0.000    0.000 Trees.py:27(TreeError)
        1    0.000    0.000    0.000    0.000 Trees.py:31(NodeData)
        1    0.000    0.000    0.000    0.000 Trees.py:40(Tree)
        1    0.000    0.000    0.000    0.000 Trees.py:7(<module>)
        1    0.000    0.000    0.000    0.000 UniprotIO.py:78(Parser)
        1    0.000    0.000    0.003    0.003 UniprotIO.py:9(<module>)
        2    0.000    0.000    0.000    0.000 UserDict.py:18(__getitem__)
        2    0.000    0.000    0.000    0.000 UserDict.py:4(__init__)
       28    0.000    0.000    0.000    0.000 UserDict.py:58(get)
       31    0.000    0.000    0.000    0.000 UserDict.py:70(__contains__)
        6    0.002    0.000    0.031    0.005 __init__.py:1(<module>)
        1    0.001    0.001    0.015    0.015 __init__.py:10(<module>)
        1    0.000    0.000    0.000    0.000 __init__.py:102(InuseAttributeErr)
        1    0.000    0.000    0.000    0.000 __init__.py:102(NucleotideAlphabet)
        3    0.000    0.000    0.000    0.000 __init__.py:105(CFunctionType)
        1    0.000    0.000    0.000    0.000 __init__.py:105(InvalidStateErr)
        1    0.000    0.000    0.000    0.000 __init__.py:108(SyntaxErr)
        1    0.000    0.000    0.000    0.000 __init__.py:109(DNAAlphabet)
        1    0.001    0.001    0.006    0.006 __init__.py:109(cpu_count)
        1    0.000    0.000    0.000    0.000 __init__.py:111(InvalidModificationErr)
        1    0.000    0.000    0.000    0.000 __init__.py:114(NamespaceErr)
        1    0.000    0.000    0.000    0.000 __init__.py:117(InvalidAccessErr)
        1    0.000    0.000    0.000    0.000 __init__.py:119(RNAAlphabet)
        1    0.000    0.000    0.000    0.000 __init__.py:120(ValidationErr)
        1    0.000    0.000    0.000    0.000 __init__.py:123(UserDataHandler)
        1    0.000    0.000    0.000    0.000 __init__.py:1235(_RecordConsumer)
        1    0.000    0.000    0.000    0.000 __init__.py:128(SecondaryStructure)
        1    0.000    0.000    0.000    0.000 __init__.py:136(ThreeLetterProtein)
        1    0.000    0.000    0.000    0.000 __init__.py:14(Alphabet)
       14    0.000    0.000    0.000    0.000 __init__.py:148(_check_size)
        1    0.000    0.000    0.000    0.000 __init__.py:150(AlphabetEncoder)
        1    0.000    0.000    0.000    0.000 __init__.py:160(py_object)
        1    0.000    0.000    0.000    0.000 __init__.py:169(c_short)
        1    0.000    0.000    0.000    0.000 __init__.py:173(c_ushort)
        1    0.000    0.000    0.000    0.000 __init__.py:177(c_long)
        1    0.000    0.000    0.000    0.000 __init__.py:18(MissingExternalDependencyError)
        1    0.000    0.000    0.000    0.000 __init__.py:18(Node)
        1    0.000    0.000    0.000    0.000 __init__.py:181(c_ulong)
        1    0.000    0.000    0.000    0.000 __init__.py:184(Gapped)
        1    0.000    0.000    0.000    0.000 __init__.py:190(c_int)
        1    0.000    0.000    0.000    0.000 __init__.py:194(c_uint)
        1    0.000    0.000    0.000    0.000 __init__.py:198(c_float)
        1    0.000    0.000    0.000    0.000 __init__.py:2(<module>)
        1    0.000    0.000    0.000    0.000 __init__.py:202(c_double)
        1    0.000    0.000    0.000    0.000 __init__.py:206(c_longdouble)
        1    0.000    0.000    0.000    0.000 __init__.py:208(HasStopCodon)
        1    0.000    0.000    0.000    0.000 __init__.py:227(c_ubyte)
        1    0.000    0.000    0.000    0.000 __init__.py:234(c_byte)
        1    0.000    0.000    0.000    0.000 __init__.py:239(c_char)
        1    0.000    0.000    0.396    0.396 __init__.py:24(<module>)
        1    0.000    0.000    0.000    0.000 __init__.py:24(MultipleSeqAlignment)
        1    0.000    0.000    0.000    0.000 __init__.py:244(c_char_p)
        1    0.000    0.000    0.000    0.000 __init__.py:256(c_void_p)
        1    0.000    0.000    0.000    0.000 __init__.py:261(c_bool)
        1    0.000    0.000    0.000    0.000 __init__.py:266(_reset_cache)
        1    0.000    0.000    0.000    0.000 __init__.py:27(MissingPythonDependencyError)
        1    0.000    0.000    0.000    0.000 __init__.py:28(Record)
        1    0.000    0.000    0.000    0.000 __init__.py:292(c_wchar_p)
        1    0.000    0.000    0.000    0.000 __init__.py:295(c_wchar)
        1    0.000    0.000    0.000    0.000 __init__.py:333(CDLL)
        4    0.001    0.000    0.001    0.000 __init__.py:350(__init__)
        1    0.000    0.000    0.000    0.000 __init__.py:356(Iterator)
        4    0.000    0.000    0.000    0.000 __init__.py:360(_FuncPtr)
       15    0.000    0.000    0.001    0.000 __init__.py:379(__getattr__)
        1    0.000    0.000    0.000    0.000 __init__.py:38(BiopythonWarning)
       15    0.000    0.000    0.001    0.000 __init__.py:386(__getitem__)
        1    0.000    0.000    0.000    0.000 __init__.py:392(PyDLL)
        3    0.001    0.000    0.032    0.011 __init__.py:4(<module>)
        1    0.000    0.000    0.000    0.000 __init__.py:408(ParserFailureError)
        1    0.000    0.000    0.000    0.000 __init__.py:414(LocationParserError)
        1    0.000    0.000    0.000    0.000 __init__.py:420(FeatureParser)
     7211    0.027    0.000    0.297    0.000 __init__.py:427(write)
        1    0.000    0.000    0.000    0.000 __init__.py:432(LibraryLoader)
        2    0.000    0.000    0.000    0.000 __init__.py:433(__init__)
        1    0.001    0.001    0.002    0.002 __init__.py:44(<module>)
        2    0.000    0.000    0.001    0.000 __init__.py:446(LoadLibrary)
        1    0.000    0.000    0.000    0.000 __init__.py:457(RecordParser)
        1    0.000    0.000    0.000    0.000 __init__.py:486(_BaseGenBankConsumer)
     7212    0.031    0.000    0.174    0.000 __init__.py:487(parse)
        2    0.000    0.000    0.000    0.000 __init__.py:49(normalize_encoding)
        2    0.000    0.000    0.000    0.000 __init__.py:497(PYFUNCTYPE)
        2    0.000    0.000    0.000    0.000 __init__.py:498(CFunctionType)
        4    0.002    0.000    0.035    0.009 __init__.py:5(<module>)
        1    0.000    0.000    0.000    0.000 __init__.py:53(BiopythonParserWarning)
        3    0.005    0.002    0.128    0.043 __init__.py:6(<module>)
        1    0.000    0.000    0.000    0.000 __init__.py:603(_FeatureConsumer)
        1    0.000    0.000    0.000    0.000 __init__.py:61(DOMException)
        1    0.000    0.000    0.000    0.000 __init__.py:69(BiopythonDeprecationWarning)
        1    0.000    0.000    0.000    0.000 __init__.py:71(ProcessError)
        2    0.000    0.000    0.001    0.000 __init__.py:71(search_function)
        1    0.000    0.000    0.000    0.000 __init__.py:74(BufferTooShort)
        1    0.000    0.000    0.000    0.000 __init__.py:75(IndexSizeErr)
        1    0.000    0.000    0.000    0.000 __init__.py:77(TimeoutError)
        1    0.000    0.000    0.000    0.000 __init__.py:78(DomstringSizeErr)
        3    0.000    0.000    0.000    0.000 __init__.py:79(CFUNCTYPE)
        2    0.005    0.002    0.084    0.042 __init__.py:8(<module>)
        1    0.000    0.000    0.000    0.000 __init__.py:80(AuthenticationError)
        1    0.000    0.000    0.000    0.000 __init__.py:81(HierarchyRequestErr)
        1    0.000    0.000    0.000    0.000 __init__.py:83(SingleLetterAlphabet)
        1    0.000    0.000    0.000    0.000 __init__.py:84(WrongDocumentErr)
        1    0.000    0.000    0.000    0.000 __init__.py:87(InvalidCharacterErr)
        1    0.000    0.000    0.000    0.000 __init__.py:88(BiopythonExperimentalWarning)
        1    0.006    0.006    0.266    0.266 __init__.py:9(<module>)
        1    0.000    0.000    0.000    0.000 __init__.py:90(NoDataAllowedErr)
        1    0.000    0.000    0.000    0.000 __init__.py:92(Reference)
        1    0.000    0.000    0.000    0.000 __init__.py:93(NoModificationAllowedErr)
        1    0.000    0.000    0.000    0.000 __init__.py:93(ProteinAlphabet)
        1    0.000    0.000    0.000    0.000 __init__.py:96(NotFoundErr)
        1    0.000    0.000    0.000    0.000 __init__.py:99(NotSupportedErr)
        1    0.000    0.000    0.000    0.000 _abcoll.py:526(update)
        4    0.000    0.000    0.000    0.000 _abcoll.py:98(__subclasshook__)
        1    0.001    0.001    0.003    0.003 _elementtree.py:3(<module>)
        1    0.000    0.000    0.000    0.000 _endian.py:26(_swapped_meta)
        1    0.001    0.001    0.001    0.001 _endian.py:4(<module>)
        1    0.000    0.000    0.000    0.000 _endian.py:49(BigEndianStructure)
        1    0.000    0.000    0.000    0.000 _exceptions.py:1(<module>)
        1    0.000    0.000    0.000    0.000 _exceptions.py:105(SAXNotRecognizedException)
        1    0.000    0.000    0.000    0.000 _exceptions.py:115(SAXNotSupportedException)
        1    0.000    0.000    0.000    0.000 _exceptions.py:125(SAXReaderNotAvailable)
        1    0.000    0.000    0.000    0.000 _exceptions.py:46(SAXParseException)
        1    0.000    0.000    0.000    0.000 _exceptions.py:9(SAXException)
        1    0.000    0.000    0.000    0.000 _ffi.py:2(<module>)
       16    0.000    0.000    0.000    0.000 _functools.py:12(__init__)
       16    0.000    0.000    0.000    0.000 _functools.py:19(__call__)
        1    0.000    0.000    0.002    0.002 _scproxy.py:1(<module>)
        1    0.000    0.000    0.002    0.002 _scproxy.py:16(_CFSetup)
        1    0.000    0.000    0.000    0.000 _scproxy.py:48(CFProxy)
        1    0.000    0.000    0.001    0.001 _scproxy.py:49(__init__)
       15    0.000    0.000    0.015    0.001 _sqlite3.py:1070(execute)
       14    0.000    0.000    0.072    0.005 _sqlite3.py:1074(executemany)
        1    0.000    0.000    0.000    0.000 _sqlite3.py:1193(Statement)
        3    0.000    0.000    0.010    0.003 _sqlite3.py:1196(__init__)
        3    0.000    0.000    0.000    0.000 _sqlite3.py:1249(_finalize)
      214    0.001    0.000    0.001    0.000 _sqlite3.py:1255(_reset)
      494    0.009    0.000    0.009    0.000 _sqlite3.py:1261(__check_decodable)
     1866    0.015    0.000    0.036    0.000 _sqlite3.py:1273(__set_param)
      211    0.033    0.000    0.069    0.000 _sqlite3.py:1308(_set_params)
        1    0.000    0.000    0.000    0.000 _sqlite3.py:1367(Row)
        3    0.000    0.000    0.000    0.000 _sqlite3.py:1401(_check_remaining_sql)
        1    0.000    0.000    0.000    0.000 _sqlite3.py:1500(PrepareProtocol)
        4    0.000    0.000    0.000    0.000 _sqlite3.py:1504(register_adapter)
        4    0.000    0.000    0.000    0.000 _sqlite3.py:1508(register_converter)
        1    0.000    0.000    0.000    0.000 _sqlite3.py:1512(register_adapters_and_converters)
     1866    0.005    0.000    0.008    0.000 _sqlite3.py:1540(adapt)
        1    0.000    0.000    0.040    0.040 _sqlite3.py:253(_has_load_extension)
        1    0.002    0.002    0.388    0.388 _sqlite3.py:26(<module>)
        1    0.000    0.000    0.000    0.000 _sqlite3.py:343(Error)
        1    0.000    0.000    0.000    0.000 _sqlite3.py:347(Warning)
        1    0.000    0.000    0.000    0.000 _sqlite3.py:351(InterfaceError)
        1    0.000    0.000    0.000    0.000 _sqlite3.py:355(DatabaseError)
        1    0.000    0.000    0.000    0.000 _sqlite3.py:359(InternalError)
        1    0.000    0.000    0.000    0.000 _sqlite3.py:363(OperationalError)
        1    0.000    0.000    0.000    0.000 _sqlite3.py:367(ProgrammingError)
        1    0.000    0.000    0.000    0.000 _sqlite3.py:371(IntegrityError)
        1    0.000    0.000    0.000    0.000 _sqlite3.py:375(DataError)
        1    0.000    0.000    0.000    0.000 _sqlite3.py:379(NotSupportedError)
        1    0.000    0.000    0.005    0.005 _sqlite3.py:383(connect)
        1    0.000    0.000    0.000    0.000 _sqlite3.py:404(_StatementCache)
        1    0.000    0.000    0.000    0.000 _sqlite3.py:405(__init__)
       29    0.000    0.000    0.010    0.000 _sqlite3.py:410(get)
        1    0.000    0.000    0.000    0.000 _sqlite3.py:425(Connection)
        1    0.000    0.000    0.005    0.005 _sqlite3.py:429(__init__)
        1    0.000    0.000    0.000    0.000 _sqlite3.py:478(close)
       31    0.000    0.000    0.000    0.000 _sqlite3.py:489(_check_closed)
        6    0.000    0.000    0.000    0.000 _sqlite3.py:495(_check_closed_wrap)
       33    0.000    0.000    0.000    0.000 _sqlite3.py:502(_check_thread)
        6    0.000    0.000    0.000    0.000 _sqlite3.py:514(_check_thread_wrap)
        1    0.000    0.000    0.000    0.000 _sqlite3.py:553(_remember_cursor)
        3    0.000    0.000    0.000    0.000 _sqlite3.py:561(_remember_statement)
        2    0.000    0.000    0.000    0.000 _sqlite3.py:569(__do_all_statements)
        1    0.000    0.000    0.000    0.000 _sqlite3.py:586(cursor)
        1    0.000    0.000    0.000    0.000 _sqlite3.py:612(_begin)
        1    0.001    0.001    0.001    0.001 _sqlite3.py:626(commit)
        1    0.000    0.000    0.000    0.000 _sqlite3.py:854(__set_isolation_level)
        1    0.000    0.000    0.000    0.000 _sqlite3.py:871(Cursor)
        1    0.000    0.000    0.000    0.000 _sqlite3.py:875(__init__)
       29    0.000    0.000    0.000    0.000 _sqlite3.py:901(__check_cursor)
        2    0.000    0.000    0.000    0.000 _sqlite3.py:911(__check_cursor_wrap)
       29    0.000    0.000    0.088    0.003 _sqlite3.py:912(wrapper)
       29    0.007    0.000    0.087    0.003 _sqlite3.py:995(__execute)
        4    0.000    0.000    0.000    0.000 _structseq.py:11(__init__)
      173    0.000    0.000    0.000    0.000 _structseq.py:22(__get__)
        1    0.000    0.000    0.000    0.000 _structseq.py:36(__new__)
        8    0.000    0.000    0.000    0.000 _structseq.py:70(structseq_new)
       12    0.000    0.000    0.000    0.000 _weakrefset.py:16(__init__)
       12    0.000    0.000    0.000    0.000 _weakrefset.py:20(__enter__)
       11    0.000    0.000    0.000    0.000 _weakrefset.py:26(__exit__)
       22    0.000    0.000    0.000    0.000 _weakrefset.py:36(__init__)
       10    0.000    0.000    0.000    0.000 _weakrefset.py:52(_commit_removals)
       26    0.000    0.000    0.000    0.000 _weakrefset.py:58(__iter__)
       15    0.000    0.000    0.000    0.000 _weakrefset.py:68(__contains__)
       20    0.000    0.000    0.000    0.000 _weakrefset.py:81(add)
        8    0.000    0.000    0.000    0.000 abc.py:105(register)
        1    0.000    0.000    0.000    0.000 abc.py:128(__instancecheck__)
    12/10    0.000    0.000    0.000    0.000 abc.py:148(__subclasscheck__)
        4    0.000    0.000    0.000    0.000 abc.py:86(__new__)
        4    0.000    0.000    0.000    0.000 abc.py:89(<genexpr>)
        1    0.000    0.000    0.000    0.000 api.py:1(<module>)
        1    0.000    0.000    0.037    0.037 api.py:110(dlopen)
      146    0.000    0.000    0.034    0.000 api.py:124(_typeof_locked)
       13    0.000    0.000    0.023    0.002 api.py:142(_typeof)
        1    0.000    0.000    0.000    0.000 api.py:175(sizeof)
        1    0.000    0.000    0.000    0.000 api.py:18(FFIError)
       82    0.000    0.000    0.014    0.000 api.py:201(new)
        1    0.000    0.000    0.000    0.000 api.py:21(CDefError)
        2    0.000    0.000    0.009    0.005 api.py:228(cast)
        4    0.000    0.000    0.000    0.000 api.py:237(string)
        1    0.000    0.000    0.000    0.000 api.py:30(FFI)
       82    0.000    0.000    0.012    0.000 api.py:317(_get_cached_btype)
        1    0.000    0.000    0.029    0.029 api.py:329(verify)
        1    0.001    0.001    0.037    0.037 api.py:392(_load_backend_lib)
        1    0.000    0.000    0.037    0.037 api.py:409(_make_ffi_library)
        1    0.000    0.000    0.000    0.000 api.py:415(make_accessor_locked)
        1    0.000    0.000    0.000    0.000 api.py:452(make_accessor)
        1    0.000    0.000    0.000    0.000 api.py:458(FFILibrary)
        1    0.000    0.000    0.000    0.000 api.py:459(__getattr__)
        2    0.001    0.000    0.026    0.013 api.py:48(__init__)
        2    0.000    0.000    0.281    0.141 api.py:91(cdef)
        1    0.000    0.000    0.001    0.001 array.py:1(<module>)
        1    0.000    0.000    0.000    0.000 array.py:157(Array)
        1    0.000    0.000    0.000    0.000 array.py:8(ArrayMeta)
        1    0.000    0.000    0.001    0.001 array.py:9(__new__)
        1    0.000    0.000    0.000    0.000 ascii.py:1(<module>)
        1    0.000    0.000    0.000    0.000 ascii.py:13(Codec)
        1    0.000    0.000    0.000    0.000 ascii.py:20(IncrementalEncoder)
        1    0.000    0.000    0.000    0.000 ascii.py:24(IncrementalDecoder)
        1    0.000    0.000    0.000    0.000 ascii.py:28(StreamWriter)
        1    0.000    0.000    0.000    0.000 ascii.py:31(StreamReader)
        1    0.000    0.000    0.000    0.000 ascii.py:34(StreamConverter)
        1    0.000    0.000    0.000    0.000 ascii.py:41(getregentry)
        1    0.000    0.000    0.000    0.000 ast_transforms.py:10(<module>)
        1    0.000    0.000    0.000    0.000 atexit.py:1(<module>)
        2    0.000    0.000    0.000    0.000 atexit.py:37(register)
        1    0.000    0.000    0.000    0.000 base64.py:3(<module>)
        1    0.000    0.000    0.001    0.001 basics.py:1(<module>)
        1    0.000    0.000    0.000    0.000 basics.py:107(_CData)
       38    0.000    0.000    0.000    0.000 basics.py:150(sizeof)
       14    0.000    0.000    0.000    0.000 basics.py:176(cdata_from_address)
        1    0.000    0.000    0.000    0.000 basics.py:191(is_struct_shape)
        6    0.000    0.000    0.000    0.000 basics.py:199(_shape_to_ffi_type)
        1    0.000    0.000    0.000    0.000 basics.py:29(ArgumentError)
        1    0.000    0.000    0.000    0.000 basics.py:32(COMError)
        1    0.000    0.000    0.000    0.000 basics.py:40(_CDataMeta)
       28    0.000    0.000    0.000    0.000 basics.py:52(get_ffi_argtype)
       14    0.000    0.000    0.000    0.000 basics.py:83(in_dll)
        1    0.000    0.000    0.000    0.000 basics.py:86(CArgObject)
        1    0.000    0.000    0.000    0.000 bisect.py:1(<module>)
        1    0.000    0.000    0.000    0.000 builtin.py:2(<module>)
        1    0.000    0.000    0.000    0.000 builtin.py:23(set_conversion_mode)
        1    0.000    0.000    0.000    0.000 builtin.py:9(ConvMode)
        1    0.000    0.000    0.003    0.003 cElementTree.py:3(<module>)
        1    0.000    0.000    0.000    0.000 c_ast.py:129(ArrayDecl)
        1    0.000    0.000    0.000    0.000 c_ast.py:130(__init__)
        1    0.000    0.000    0.000    0.000 c_ast.py:143(ArrayRef)
        1    0.000    0.000    0.000    0.000 c_ast.py:157(Assignment)
        1    0.000    0.000    0.000    0.000 c_ast.py:172(BinaryOp)
        1    0.000    0.000    0.000    0.000 c_ast.py:187(Break)
        1    0.000    0.000    0.000    0.000 c_ast.py:19(<module>)
        1    0.000    0.000    0.000    0.000 c_ast.py:196(Case)
        1    0.000    0.000    0.000    0.000 c_ast.py:211(Cast)
        1    0.000    0.000    0.000    0.000 c_ast.py:22(Node)
        1    0.000    0.000    0.000    0.000 c_ast.py:225(Compound)
        1    0.000    0.000    0.000    0.000 c_ast.py:238(CompoundLiteral)
        1    0.000    0.000    0.000    0.000 c_ast.py:252(Constant)
        1    0.000    0.000    0.000    0.000 c_ast.py:264(Continue)
        1    0.000    0.000    0.000    0.000 c_ast.py:273(Decl)
      127    0.000    0.000    0.000    0.000 c_ast.py:274(__init__)
        1    0.000    0.000    0.000    0.000 c_ast.py:293(DeclList)
        1    0.000    0.000    0.000    0.000 c_ast.py:306(Default)
        1    0.000    0.000    0.000    0.000 c_ast.py:319(DoWhile)
        1    0.000    0.000    0.000    0.000 c_ast.py:333(EllipsisParam)
        1    0.000    0.000    0.000    0.000 c_ast.py:342(EmptyStatement)
        1    0.000    0.000    0.000    0.000 c_ast.py:351(Enum)
        1    0.000    0.000    0.000    0.000 c_ast.py:364(Enumerator)
        1    0.000    0.000    0.000    0.000 c_ast.py:377(EnumeratorList)
        1    0.000    0.000    0.000    0.000 c_ast.py:390(ExprList)
        1    0.000    0.000    0.000    0.000 c_ast.py:403(FileAST)
       10    0.000    0.000    0.000    0.000 c_ast.py:404(__init__)
        1    0.000    0.000    0.000    0.000 c_ast.py:416(For)
        1    0.000    0.000    0.000    0.000 c_ast.py:434(FuncCall)
        1    0.000    0.000    0.000    0.000 c_ast.py:448(FuncDecl)
       95    0.000    0.000    0.000    0.000 c_ast.py:449(__init__)
        1    0.000    0.000    0.000    0.000 c_ast.py:462(FuncDef)
        1    0.000    0.000    0.000    0.000 c_ast.py:479(Goto)
        1    0.000    0.000    0.000    0.000 c_ast.py:490(ID)
        1    0.000    0.000    0.000    0.000 c_ast.py:501(IdentifierType)
      689    0.001    0.000    0.001    0.000 c_ast.py:502(__init__)
        1    0.000    0.000    0.000    0.000 c_ast.py:512(If)
        1    0.000    0.000    0.000    0.000 c_ast.py:528(InitList)
        1    0.000    0.000    0.000    0.000 c_ast.py:541(Label)
        1    0.000    0.000    0.000    0.000 c_ast.py:554(NamedInitializer)
        1    0.000    0.000    0.000    0.000 c_ast.py:569(ParamList)
       95    0.000    0.000    0.000    0.000 c_ast.py:570(__init__)
        1    0.000    0.000    0.000    0.000 c_ast.py:582(PtrDecl)
      163    0.000    0.000    0.000    0.000 c_ast.py:583(__init__)
        1    0.000    0.000    0.000    0.000 c_ast.py:595(Return)
        1    0.000    0.000    0.000    0.000 c_ast.py:607(Struct)
        1    0.000    0.000    0.000    0.000 c_ast.py:621(StructRef)
        1    0.000    0.000    0.000    0.000 c_ast.py:636(Switch)
        1    0.000    0.000    0.000    0.000 c_ast.py:650(TernaryOp)
        1    0.000    0.000    0.000    0.000 c_ast.py:666(TypeDecl)
      342    0.000    0.000    0.000    0.000 c_ast.py:667(__init__)
        1    0.000    0.000    0.000    0.000 c_ast.py:680(Typedef)
       67    0.000    0.000    0.000    0.000 c_ast.py:681(__init__)
        1    0.000    0.000    0.000    0.000 c_ast.py:695(Typename)
      148    0.000    0.000    0.000    0.000 c_ast.py:696(__init__)
        1    0.000    0.000    0.000    0.000 c_ast.py:708(UnaryOp)
        1    0.000    0.000    0.000    0.000 c_ast.py:721(Union)
        1    0.000    0.000    0.000    0.000 c_ast.py:735(While)
        1    0.000    0.000    0.000    0.000 c_ast.py:81(NodeVisitor)
        1    0.000    0.000    0.000    0.000 c_lexer.py:16(CLexer)
        1    0.000    0.000    0.001    0.001 c_lexer.py:25(__init__)
      189    0.000    0.000    0.000    0.000 c_lexer.py:322(t_NEWLINE)
      645    0.002    0.000    0.004    0.000 c_lexer.py:467(t_ID)
        1    0.000    0.000    0.053    0.053 c_lexer.py:58(build)
       10    0.000    0.000    0.000    0.000 c_lexer.py:68(reset_lineno)
       10    0.000    0.000    0.000    0.000 c_lexer.py:73(input)
     1287    0.002    0.000    0.049    0.000 c_lexer.py:76(token)
        1    0.001    0.001    0.006    0.006 c_lexer.py:9(<module>)
       85    0.001    0.000    0.001    0.000 c_parser.py:1007(p_direct_declarator_5)
      163    0.001    0.000    0.002    0.000 c_parser.py:1035(p_pointer)
       95    0.000    0.000    0.000    0.000 c_parser.py:1052(p_parameter_type_list)
      195    0.001    0.000    0.002    0.000 c_parser.py:1061(p_parameter_list)
       47    0.000    0.000    0.002    0.000 c_parser.py:1071(p_parameter_declaration_1)
      148    0.001    0.000    0.014    0.000 c_parser.py:1082(p_parameter_declaration_2)
       10    0.000    0.000    0.206    0.021 c_parser.py:118(parse)
      113    0.000    0.000    0.002    0.000 c_parser.py:1181(p_abstract_declarator_1)
       11    0.000    0.000    0.000    0.000 c_parser.py:1194(p_abstract_declarator_3)
       10    0.000    0.000    0.000    0.000 c_parser.py:1204(p_direct_abstract_declarator_1)
        1    0.000    0.000    0.000    0.000 c_parser.py:1218(p_direct_abstract_declarator_3)
       10    0.001    0.000    0.005    0.001 c_parser.py:1244(p_direct_abstract_declarator_6)
       94    0.000    0.000    0.002    0.000 c_parser.py:1365(p_typedef_name)
       67    0.000    0.000    0.000    0.000 c_parser.py:149(_add_typedef_name)
       80    0.000    0.000    0.000    0.000 c_parser.py:158(_add_identifier)
      540    0.000    0.000    0.001    0.000 c_parser.py:1601(p_empty)
      291    0.001    0.000    0.001    0.000 c_parser.py:168(_is_type_in_scope)
      288    0.000    0.000    0.001    0.000 c_parser.py:187(_lex_type_lookup_func)
        1    0.000    0.000    0.000    0.000 c_parser.py:19(CParser)
       85    0.000    0.000    0.000    0.000 c_parser.py:196(_get_yacc_lookahead_token)
        1    0.000    0.000    0.090    0.090 c_parser.py:20(__init__)
      248    0.001    0.000    0.002    0.000 c_parser.py:240(_type_modify_decl)
      342    0.002    0.000    0.003    0.000 c_parser.py:295(_fix_decl_name_type)
      451    0.002    0.000    0.002    0.000 c_parser.py:340(_add_declaration_specifier)
      194    0.002    0.000    0.005    0.000 c_parser.py:357(_build_declarations)
       10    0.000    0.000    0.000    0.000 c_parser.py:495(p_translation_unit_or_empty)
       10    0.000    0.000    0.000    0.000 c_parser.py:504(p_translation_unit_1)
      137    0.000    0.000    0.001    0.000 c_parser.py:511(p_translation_unit_2)
      147    0.000    0.000    0.000    0.000 c_parser.py:528(p_external_declaration_2)
      147    0.001    0.000    0.005    0.000 c_parser.py:599(p_decl_body)
      147    0.000    0.000    0.000    0.000 c_parser.py:658(p_declaration)
       37    0.000    0.000    0.000    0.000 c_parser.py:673(p_declaration_specifiers_1)
      347    0.002    0.000    0.005    0.000 c_parser.py:678(p_declaration_specifiers_2)
       67    0.000    0.000    0.000    0.000 c_parser.py:683(p_declaration_specifiers_3)
       67    0.000    0.000    0.000    0.000 c_parser.py:693(p_storage_class_specifier)
      253    0.001    0.000    0.003    0.000 c_parser.py:707(p_type_specifier_1)
       94    0.000    0.000    0.000    0.000 c_parser.py:722(p_type_specifier_2)
       37    0.000    0.000    0.000    0.000 c_parser.py:729(p_type_qualifier)
      147    0.000    0.000    0.001    0.000 c_parser.py:736(p_init_declarator_list_1)
      147    0.001    0.000    0.001    0.000 c_parser.py:763(p_init_declarator)
        1    0.005    0.005    0.014    0.014 c_parser.py:9(<module>)
      159    0.000    0.000    0.000    0.000 c_parser.py:946(p_declarator_1)
       40    0.000    0.000    0.000    0.000 c_parser.py:951(p_declarator_2)
      194    0.001    0.000    0.003    0.000 c_parser.py:971(p_direct_declarator_1)
        5    0.000    0.000    0.000    0.000 c_parser.py:980(p_direct_declarator_2)
        2    0.000    0.000    0.000    0.000 codecs.py:77(__new__)
        8    0.006    0.001    0.007    0.001 collections.py:293(namedtuple)
      343    0.001    0.000    0.001    0.000 collections.py:334(<genexpr>)
       43    0.000    0.000    0.000    0.000 collections.py:358(<genexpr>)
       43    0.000    0.000    0.000    0.000 collections.py:360(<genexpr>)
        1    0.000    0.000    0.000    0.000 collections.py:43(__init__)
        3    0.000    0.000    0.000    0.000 collections.py:59(__setitem__)
        1    0.000    0.000    0.000    0.000 commands.py:1(<module>)
        1    0.000    0.000    0.000    0.000 commontypes.py:1(<module>)
      121    0.000    0.000    0.000    0.000 commontypes.py:17(resolve_common_type)
        1    0.000    0.000    0.000    0.000 contextlib.py:1(<module>)
     7212    0.002    0.000    0.002    0.000 contextlib.py:12(__init__)
        1    0.000    0.000    0.000    0.000 contextlib.py:132(closing)
     7212    0.006    0.000    0.011    0.000 contextlib.py:15(__enter__)
     7212    0.013    0.000    0.013    0.000 contextlib.py:21(__exit__)
        2    0.000    0.000    0.000    0.000 contextlib.py:54(contextmanager)
     7212    0.028    0.000    0.030    0.000 contextlib.py:82(helper)
        1    0.000    0.000    0.000    0.000 contextlib.py:9(GeneratorContextManager)
       10    0.001    0.000    0.306    0.031 cparser.py:103(_parse)
        2    0.000    0.000    0.281    0.141 cparser.py:151(parse)
        2    0.000    0.000    0.281    0.141 cparser.py:162(_internal_parse)
        1    0.003    0.003    0.025    0.025 cparser.py:2(<module>)
       72    0.000    0.000    0.008    0.000 cparser.py:200(_parse_decl)
        8    0.000    0.000    0.033    0.004 cparser.py:229(parse_type)
      149    0.000    0.000    0.000    0.000 cparser.py:237(_declare)
      235    0.000    0.000    0.001    0.000 cparser.py:248(_get_type_pointer)
   519/82    0.003    0.000    0.007    0.000 cparser.py:255(_get_type)
       10    0.000    0.000    0.090    0.009 cparser.py:28(_get_parser)
    87/73    0.001    0.000    0.006    0.000 cparser.py:338(_parse_function_type)
       10    0.002    0.000    0.006    0.001 cparser.py:34(_preprocess)
      186    0.000    0.000    0.000    0.000 cparser.py:362(_as_func_arg)
       10    0.000    0.000    0.003    0.000 cparser.py:67(_common_type_names)
        1    0.000    0.000    0.000    0.000 cparser.py:94(Parser)
        2    0.000    0.000    0.000    0.000 cparser.py:96(__init__)
        1    0.000    0.000    0.000    0.000 csv.py:123(DictWriter)
        1    0.000    0.000    0.000    0.000 csv.py:162(Sniffer)
        1    0.000    0.000    0.000    0.000 csv.py:2(<module>)
        1    0.000    0.000    0.000    0.000 csv.py:26(Dialect)
        1    0.000    0.000    0.000    0.000 csv.py:57(excel)
        1    0.000    0.000    0.000    0.000 csv.py:67(excel_tab)
        1    0.000    0.000    0.000    0.000 csv.py:73(DictReader)
        1    0.000    0.000    0.000    0.000 ctypes_support.py:1(<module>)
        1    0.001    0.001    0.002    0.002 datetime.py:1(<module>)
        1    0.000    0.000    0.000    0.000 datetime.py:1035(tzinfo)
        1    0.000    0.000    0.000    0.000 datetime.py:1108(time)
        2    0.000    0.000    0.000    0.000 datetime.py:1133(__new__)
        1    0.000    0.000    0.000    0.000 datetime.py:1440(datetime)
        2    0.000    0.000    0.000    0.000 datetime.py:1448(__new__)
        6    0.000    0.000    0.000    0.000 datetime.py:27(_round)
       28    0.000    0.000    0.000    0.000 datetime.py:272(_check_int_field)
        4    0.000    0.000    0.000    0.000 datetime.py:287(_check_date_fields)
        4    0.000    0.000    0.000    0.000 datetime.py:300(_check_time_fields)
        4    0.000    0.000    0.000    0.000 datetime.py:315(_check_tzinfo_arg)
        1    0.000    0.000    0.000    0.000 datetime.py:356(_tmxxx)
        1    0.000    0.000    0.000    0.000 datetime.py:417(timedelta)
        6    0.000    0.000    0.000    0.000 datetime.py:436(__new__)
        3    0.000    0.000    0.000    0.000 datetime.py:56(_days_before_year)
        4    0.000    0.000    0.000    0.000 datetime.py:61(_days_in_month)
        1    0.000    0.000    0.000    0.000 datetime.py:712(date)
        2    0.000    0.000    0.000    0.000 datetime.py:742(__new__)
        1    0.006    0.006    0.396    0.396 dbapi2.py:24(<module>)
        1    0.000    0.000    0.000    0.000 dbapi2.py:55(register_adapters_and_converters)
        1    0.000    0.000    0.001    0.001 dis.py:1(<module>)
        1    0.000    0.000    0.000    0.000 dll.py:1(<module>)
        1    0.000    0.000    0.000    0.000 domreg.py:1(<module>)
        1    0.000    0.000    0.000    0.000 dummy.py:1(<module>)
       44    0.000    0.000    0.000    0.000 dyld.py:103(dyld_default_search)
        8    0.000    0.000    0.001    0.000 dyld.py:125(dyld_find)
       16    0.000    0.000    0.000    0.000 dyld.py:34(ensure_utf8)
        1    0.000    0.000    0.004    0.004 dyld.py:4(<module>)
       20    0.000    0.000    0.000    0.000 dyld.py:40(dyld_env)
        8    0.000    0.000    0.000    0.000 dyld.py:48(dyld_image_suffix)
        2    0.000    0.000    0.000    0.000 dyld.py:53(dyld_framework_path)
        8    0.000    0.000    0.000    0.000 dyld.py:56(dyld_library_path)
        2    0.000    0.000    0.000    0.000 dyld.py:59(dyld_fallback_framework_path)
        8    0.000    0.000    0.000    0.000 dyld.py:62(dyld_fallback_library_path)
        8    0.000    0.000    0.000    0.000 dyld.py:65(dyld_image_suffix_search)
        8    0.000    0.000    0.000    0.000 dyld.py:79(dyld_override_search)
        8    0.000    0.000    0.000    0.000 dyld.py:96(dyld_executable_path_search)
        1    0.000    0.000    0.002    0.002 dylib.py:4(<module>)
        1    0.000    0.000    0.000    0.000 ffiplatform.py:1(<module>)
        1    0.000    0.000    0.000    0.000 ffiplatform.py:108(flatten)
        1    0.000    0.000    0.000    0.000 ffiplatform.py:4(VerificationError)
        1    0.000    0.000    0.000    0.000 ffiplatform.py:8(VerificationMissing)
      4/1    0.000    0.000    0.000    0.000 ffiplatform.py:89(_flatten)
        1    0.000    0.000    0.000    0.000 fnmatch.py:1(<module>)
       16    0.000    0.000    0.000    0.000 framework.py:22(framework_info)
        1    0.000    0.000    0.002    0.002 framework.py:4(<module>)
       16    0.000    0.000    0.000    0.000 function.py:100(_check_argtypes_for_fastpath)
       15    0.000    0.000    0.000    0.000 function.py:153(_setrestype)
        3    0.000    0.000    0.000    0.000 function.py:182(_ffishapes)
       17    0.000    0.000    0.000    0.000 function.py:194(_set_address)
        2    0.000    0.000    0.000    0.000 function.py:199(_get_address)
        1    0.000    0.000    0.000    0.000 function.py:2(<module>)
       20    0.000    0.000    0.001    0.000 function.py:202(__init__)
        3    0.000    0.000    0.000    0.000 function.py:272(_wrap_callable)
        2    0.000    0.000    0.000    0.000 function.py:398(_getfuncptr_fromaddress)
       15    0.000    0.000    0.000    0.000 function.py:404(_getfuncptr)
        1    0.000    0.000    0.000    0.000 function.py:46(CFuncPtrType)
        1    0.000    0.000    0.000    0.000 function.py:61(CFuncPtr)
        1    0.000    0.000    0.000    0.000 function.py:647(__del__)
       16    0.000    0.000    0.000    0.000 function.py:660(make_fastpath_subclass)
        5    0.000    0.000    0.000    0.000 function.py:669(CFuncPtrFast)
       16    0.000    0.000    0.000    0.000 function.py:674(enable_fastpath_maybe)
        3    0.000    0.000    0.000    0.000 function.py:83(_getargtypes)
       15    0.000    0.000    0.000    0.000 function.py:86(_setargtypes)
       16    0.000    0.000    0.000    0.000 functools.py:17(update_wrapper)
       16    0.000    0.000    0.000    0.000 functools.py:39(wraps)
        1    0.000    0.000    0.000    0.000 future_builtins.py:1(<module>)
       42    0.000    0.000    0.001    0.000 genericpath.py:26(isfile)
        1    0.000    0.000    0.000    0.000 grp.py:19(GroupStruct)
        1    0.000    0.000    0.001    0.001 grp.py:2(<module>)
        1    0.000    0.000    0.000    0.000 grp.py:27(struct_group)
        1    0.000    0.000    0.000    0.000 handler.py:1(<module>)
        1    0.000    0.000    0.000    0.000 handler.py:208(DTDHandler)
        1    0.000    0.000    0.000    0.000 handler.py:22(ErrorHandler)
        1    0.000    0.000    0.000    0.000 handler.py:223(EntityResolver)
        1    0.000    0.000    0.000    0.000 handler.py:47(ContentHandler)
        1    0.000    0.000    0.000    0.000 hashlib.py:7(<module>)
        6    0.000    0.000    0.000    0.000 hashlib.py:94(__get_openssl_constructor)
        1    0.002    0.002    0.011    0.011 httplib.py:1(<module>)
        1    0.000    0.000    0.000    0.000 httplib.py:1063(HTTP)
        1    0.000    0.000    0.000    0.000 httplib.py:1159(HTTPSConnection)
        1    0.000    0.000    0.000    0.000 httplib.py:1184(HTTPS)
        1    0.000    0.000    0.000    0.000 httplib.py:1217(HTTPException)
        1    0.000    0.000    0.000    0.000 httplib.py:1222(NotConnected)
        1    0.000    0.000    0.000    0.000 httplib.py:1225(InvalidURL)
        1    0.000    0.000    0.000    0.000 httplib.py:1228(UnknownProtocol)
        1    0.000    0.000    0.000    0.000 httplib.py:1233(UnknownTransferEncoding)
        1    0.000    0.000    0.000    0.000 httplib.py:1236(UnimplementedFileMode)
        1    0.000    0.000    0.000    0.000 httplib.py:1239(IncompleteRead)
        1    0.000    0.000    0.000    0.000 httplib.py:1253(ImproperConnectionState)
        1    0.000    0.000    0.000    0.000 httplib.py:1256(CannotSendRequest)
        1    0.000    0.000    0.000    0.000 httplib.py:1259(CannotSendHeader)
        1    0.000    0.000    0.000    0.000 httplib.py:1262(ResponseNotReady)
        1    0.000    0.000    0.000    0.000 httplib.py:1265(BadStatusLine)
        1    0.000    0.000    0.000    0.000 httplib.py:1272(LineTooLong)
        1    0.000    0.000    0.000    0.000 httplib.py:1280(LineAndFileWrapper)
        1    0.000    0.000    0.000    0.000 httplib.py:218(HTTPMessage)
        1    0.000    0.000    0.000    0.000 httplib.py:325(HTTPResponse)
        1    0.000    0.000    0.000    0.000 httplib.py:680(HTTPConnection)
        1    0.001    0.001    0.025    0.025 inspect.py:2(<module>)
        2    0.000    0.000    0.000    0.000 inspect.py:340(getmro)
        1    0.000    0.000    0.000    0.000 inspect.py:630(EndOfBlock)
        1    0.000    0.000    0.000    0.000 inspect.py:632(BlockFinder)
        1    0.000    0.000    0.001    0.001 io.py:1(<module>)
        1    0.000    0.000    0.000    0.000 io.py:69(IOBase)
        1    0.000    0.000    0.000    0.000 io.py:72(RawIOBase)
        1    0.000    0.000    0.000    0.000 io.py:75(BufferedIOBase)
        1    0.000    0.000    0.000    0.000 io.py:78(TextIOBase)
        1    0.000    0.000    0.000    0.000 latin_1.py:1(<module>)
        1    0.000    0.000    0.000    0.000 latin_1.py:13(Codec)
        1    0.000    0.000    0.000    0.000 latin_1.py:20(IncrementalEncoder)
        1    0.000    0.000    0.000    0.000 latin_1.py:24(IncrementalDecoder)
        1    0.000    0.000    0.000    0.000 latin_1.py:28(StreamWriter)
        1    0.000    0.000    0.000    0.000 latin_1.py:31(StreamReader)
        1    0.000    0.000    0.000    0.000 latin_1.py:34(StreamConverter)
        1    0.000    0.000    0.000    0.000 latin_1.py:41(getregentry)
       19    0.000    0.000    0.000    0.000 lex.py:1047(TOKEN)
       19    0.000    0.000    0.000    0.000 lex.py:1048(set_doc)
        1    0.000    0.000    0.000    0.000 lex.py:114(Lexer)
        1    0.000    0.000    0.000    0.000 lex.py:115(__init__)
        1    0.000    0.000    0.051    0.051 lex.py:214(readtab)
       10    0.000    0.000    0.000    0.000 lex.py:251(input)
        1    0.000    0.000    0.000    0.000 lex.py:263(begin)
     1287    0.025    0.000    0.047    0.000 lex.py:304(token)
        1    0.000    0.000    0.005    0.005 lex.py:34(<module>)
        6    0.000    0.000    0.000    0.000 lex.py:465(_names_to_funcs)
      120    0.000    0.000    0.000    0.000 lex.py:51(func_code)
       76    0.000    0.000    0.000    0.000 lex.py:521(_statetoken)
        1    0.000    0.000    0.000    0.000 lex.py:544(LexerReflect)
        1    0.000    0.000    0.000    0.000 lex.py:545(__init__)
        1    0.000    0.000    0.002    0.002 lex.py:560(get_all)
        1    0.000    0.000    0.000    0.000 lex.py:574(get_tokens)
        1    0.000    0.000    0.000    0.000 lex.py:605(get_literals)
        1    0.000    0.000    0.000    0.000 lex.py:621(get_states)
        1    0.000    0.000    0.000    0.000 lex.py:63(LexError)
        1    0.000    0.000    0.002    0.002 lex.py:652(get_rules)
        1    0.000    0.000    0.000    0.000 lex.py:69(LexToken)
       60    0.000    0.000    0.000    0.000 lex.py:709(<lambda>)
      182    0.000    0.000    0.000    0.000 lex.py:717(<lambda>)
        1    0.000    0.000    0.000    0.000 lex.py:78(PlyLogger)
        1    0.000    0.000    0.000    0.000 lex.py:79(__init__)
        1    0.000    0.000    0.053    0.053 lex.py:865(lex)
        1    0.000    0.000    0.000    0.000 lex.py:94(NullLogger)
        1    0.000    0.000    0.000    0.000 lextab.py:2(<module>)
        1    0.000    0.000    0.000    0.000 lock.py:1(<module>)
        1    0.001    0.001    0.003    0.003 mimetools.py:1(<module>)
        1    0.000    0.000    0.000    0.000 mimetools.py:20(Message)
        1    0.000    0.000    0.000    0.000 minicompat.py:1(<module>)
        1    0.000    0.000    0.000    0.000 minicompat.py:51(NodeList)
        1    0.000    0.000    0.000    0.000 minicompat.py:75(EmptyNodeList)
        1    0.000    0.000    0.000    0.000 model.py:1(<module>)
        7    0.000    0.000    0.000    0.000 model.py:112(__init__)
        7    0.000    0.000    0.000    0.000 model.py:124(build_backend_type)
        1    0.000    0.000    0.000    0.000 model.py:128(BaseFunctionType)
      174    0.001    0.000    0.001    0.000 model.py:131(__init__)
        1    0.000    0.000    0.000    0.000 model.py:145(RawFunctionType)
       87    0.000    0.000    0.001    0.000 model.py:157(as_function_pointer)
        1    0.000    0.000    0.000    0.000 model.py:161(FunctionPtrType)
    46/40    0.000    0.000    0.004    0.000 model.py:164(build_backend_type)
        1    0.000    0.000    0.000    0.000 model.py:173(PointerType)
      151    0.000    0.000    0.000    0.000 model.py:178(__init__)
    18/16    0.000    0.000    0.001    0.000 model.py:186(build_backend_type)
        1    0.000    0.000    0.000    0.000 model.py:193(ConstPointerType)
        1    0.000    0.000    0.000    0.000 model.py:200(NamedPointerType)
        1    0.000    0.000    0.000    0.000 model.py:209(ArrayType)
        1    0.000    0.000    0.000    0.000 model.py:213(__init__)
        1    0.000    0.000    0.000    0.000 model.py:229(build_backend_type)
        1    0.000    0.000    0.000    0.000 model.py:239(StructOrUnionOrEnum)
       12    0.000    0.000    0.000    0.000 model.py:243(build_c_name_with_marker)
        6    0.000    0.000    0.000    0.000 model.py:247(force_the_name)
        5    0.000    0.000    0.000    0.000 model.py:251(get_official_name)
        1    0.000    0.000    0.000    0.000 model.py:256(StructOrUnion)
        6    0.000    0.000    0.000    0.000 model.py:262(__init__)
      372    0.000    0.000    0.000    0.000 model.py:29(_get_c_name)
        6    0.000    0.000    0.000    0.000 model.py:294(get_cached_btype)
        5    0.000    0.000    0.000    0.000 model.py:301(finish_backend_type)
   227/45    0.000    0.000    0.007    0.000 model.py:35(get_cached_btype)
        5    0.000    0.000    0.000    0.000 model.py:364(check_not_partial)
        5    0.000    0.000    0.000    0.000 model.py:369(build_backend_type)
        1    0.000    0.000    0.000    0.000 model.py:377(StructType)
        1    0.000    0.000    0.000    0.000 model.py:381(UnionType)
        1    0.000    0.000    0.000    0.000 model.py:385(EnumType)
        6    0.000    0.000    0.000    0.000 model.py:447(unknown_type)
       79    0.001    0.000    0.002    0.000 model.py:463(global_cache)
     1639    0.005    0.000    0.005    0.000 model.py:47(_get_items)
        1    0.000    0.000    0.000    0.000 model.py:51(BaseType)
  174/110    0.000    0.000    0.003    0.000 model.py:53(__eq__)
 1291/377    0.002    0.000    0.006    0.000 model.py:60(__hash__)
        1    0.000    0.000    0.000    0.000 model.py:64(VoidType)
        1    0.000    0.000    0.000    0.000 model.py:67(__init__)
        1    0.000    0.000    0.000    0.000 model.py:7(BaseTypeByIdentity)
        2    0.000    0.000    0.000    0.000 model.py:70(build_backend_type)
        1    0.000    0.000    0.000    0.000 model.py:76(PrimitiveType)
        1    0.000    0.000    0.000    0.000 opcode.py:1(<module>)
      123    0.000    0.000    0.000    0.000 opcode.py:26(def_op)
       11    0.000    0.000    0.000    0.000 opcode.py:30(name_op)
        7    0.000    0.000    0.000    0.000 opcode.py:34(jrel_op)
        6    0.000    0.000    0.000    0.000 opcode.py:38(jabs_op)
        1    0.000    0.000    0.000    0.000 os.py:35(_get_exports_list)
        1    0.002    0.002    0.004    0.004 pickle.py:1(<module>)
        1    0.000    0.000    0.000    0.000 pickle.py:1304(_EmptyClass)
        1    0.000    0.000    0.000    0.000 pickle.py:171(Pickler)
        1    0.000    0.000    0.000    0.000 pickle.py:58(PickleError)
        1    0.000    0.000    0.000    0.000 pickle.py:62(PicklingError)
        1    0.000    0.000    0.000    0.000 pickle.py:69(UnpicklingError)
        1    0.000    0.000    0.000    0.000 pickle.py:82(_Stop)
        1    0.000    0.000    0.000    0.000 pickle.py:870(Unpickler)
        1    0.000    0.000    0.000    0.000 plyparser.py:12(<module>)
        1    0.000    0.000    0.000    0.000 plyparser.py:12(Coord)
      853    0.001    0.000    0.001    0.000 plyparser.py:18(__init__)
        1    0.000    0.000    0.000    0.000 plyparser.py:29(ParseError)
        1    0.000    0.000    0.000    0.000 plyparser.py:32(PLYParser)
       13    0.000    0.000    0.000    0.000 plyparser.py:33(_create_opt_rule)
      920    0.002    0.000    0.003    0.000 plyparser.py:40(optrule)
      853    0.002    0.000    0.003    0.000 plyparser.py:47(_coord)
        7    0.000    0.000    0.000    0.000 pointer.py:163(POINTER)
        1    0.000    0.000    0.000    0.000 pointer.py:18(PointerType)
        6    0.000    0.000    0.000    0.000 pointer.py:19(__new__)
        1    0.000    0.000    0.001    0.001 pointer.py:2(<module>)
        5    0.000    0.000    0.000    0.000 pointer.py:63(set_type)
        1    0.000    0.000    0.000    0.000 pointer.py:77(_Pointer)
       24    0.000    0.000    0.000    0.000 posixpath.py:119(basename)
        1    0.000    0.000    0.000    0.000 posixpath.py:127(dirname)
        2    0.000    0.000    0.000    0.000 posixpath.py:258(expanduser)
        2    0.000    0.000    0.000    0.000 posixpath.py:321(normpath)
        2    0.000    0.000    0.000    0.000 posixpath.py:350(abspath)
        2    0.000    0.000    0.000    0.000 posixpath.py:59(isabs)
       36    0.000    0.000    0.000    0.000 posixpath.py:68(join)
        2    0.000    0.000    0.000    0.000 posixpath.py:89(split)
        1    0.001    0.001    0.001    0.001 primitive.py:1(<module>)
        1    0.000    0.000    0.000    0.000 primitive.py:102(SimpleType)
       19    0.000    0.000    0.000    0.000 primitive.py:103(__new__)
        1    0.000    0.000    0.000    0.000 primitive.py:16(NULL)
       38    0.000    0.000    0.000    0.000 primitive.py:302(_sizeofinstances)
       19    0.000    0.000    0.000    0.000 primitive.py:308(_is_pointer_like)
        1    0.000    0.000    0.000    0.000 primitive.py:311(_SimpleCData)
        1    0.000    0.000    0.000    0.000 primitive.py:50(GlobalPyobjContainer)
        1    0.000    0.000    0.000    0.000 primitive.py:51(__init__)
        1    0.000    0.000    0.000    0.000 process.py:285(AuthenticationString)
        1    0.000    0.000    0.000    0.000 process.py:299(_MainProcess)
        1    0.000    0.000    0.000    0.000 process.py:301(__init__)
        1    0.001    0.001    0.001    0.001 process.py:35(<module>)
        1    0.000    0.000    0.000    0.000 process.py:86(Process)
        1    0.000    0.000    0.000    0.000 pulldom.py:1(<module>)
        1    0.000    0.000    0.000    0.000 pulldom.py:19(PullDOM)
        1    0.000    0.000    0.000    0.000 pulldom.py:202(ErrorHandler)
        1    0.000    0.000    0.000    0.000 pulldom.py:210(DOMEventStream)
        1    0.000    0.000    0.000    0.000 pulldom.py:295(SAX2DOM)
        1    0.000    0.000    0.000    0.000 random.py:1(<module>)
        1    0.000    0.000    0.000    0.000 random.py:649(WichmannHill)
        1    0.000    0.000    0.000    0.000 random.py:71(Random)
        1    0.000    0.000    0.000    0.000 random.py:799(SystemRandom)
        1    0.000    0.000    0.000    0.000 random.py:90(__init__)
        1    0.000    0.000    0.000    0.000 random.py:99(seed)
      117    0.000    0.000    0.002    0.000 re.py:134(match)
       48    0.000    0.000    0.172    0.004 re.py:188(compile)
      165    0.001    0.000    0.173    0.001 re.py:226(_compile)
        1    0.000    0.000    0.000    0.000 rfc822.py:1(<module>)
        1    0.000    0.000    0.000    0.000 rfc822.py:496(AddrlistClass)
        1    0.000    0.000    0.000    0.000 rfc822.py:770(AddressList)
        1    0.000    0.000    0.000    0.000 rfc822.py:85(Message)
        1    0.000    0.000    0.000    0.000 saxutils.py:1(<module>)
        1    0.000    0.000    0.000    0.000 saxutils.py:109(XMLGenerator)
        1    0.000    0.000    0.000    0.000 saxutils.py:196(XMLFilterBase)
        1    0.000    0.000    0.002    0.002 shutil.py:1(<module>)
        1    0.000    0.000    0.000    0.000 shutil.py:31(Error)
        1    0.000    0.000    0.000    0.000 shutil.py:34(SpecialFileError)
        1    0.000    0.000    0.000    0.000 shutil.py:38(ExecError)
        1    0.000    0.000    0.000    0.000 socket.py:161(_closedsocket)
        1    0.001    0.001    0.001    0.001 socket.py:175(_socketobject)
       29    0.000    0.000    0.000    0.000 socket.py:264(<genexpr>)
        1    0.000    0.000    0.000    0.000 socket.py:281(_fileobject)
        1    0.001    0.001    0.002    0.002 socket.py:4(<module>)
      466    0.002    0.000    0.031    0.000 sre_compile.py:178(_compile_charset)
      466    0.018    0.000    0.029    0.000 sre_compile.py:207(_optimize_charset)
     1403    0.000    0.000    0.000    0.000 sre_compile.py:24(_identityfunction)
       88    0.009    0.000    0.010    0.000 sre_compile.py:258(_mk_bitmap)
  1211/44    0.013    0.000    0.053    0.001 sre_compile.py:32(_compile)
      440    0.001    0.000    0.001    0.000 sre_compile.py:354(_simple)
       44    0.001    0.000    0.012    0.000 sre_compile.py:359(_compile_info)
       88    0.000    0.000    0.000    0.000 sre_compile.py:472(isstring)
       44    0.000    0.000    0.065    0.001 sre_compile.py:478(_code)
       44    0.001    0.000    0.172    0.004 sre_compile.py:493(compile)
       20    0.000    0.000    0.000    0.000 sre_compile.py:51(fixup)
     2185    0.002    0.000    0.003    0.000 sre_parse.py:132(__len__)
        2    0.000    0.000    0.000    0.000 sre_parse.py:134(__delitem__)
     5122    0.008    0.000    0.010    0.000 sre_parse.py:136(__getitem__)
      452    0.000    0.000    0.000    0.000 sre_parse.py:140(__setitem__)
     1763    0.001    0.000    0.002    0.000 sre_parse.py:144(append)
 1649/484    0.010    0.000    0.011    0.000 sre_parse.py:146(getwidth)
       46    0.000    0.000    0.001    0.000 sre_parse.py:184(__init__)
     5819    0.016    0.000    0.017    0.000 sre_parse.py:188(__next)
     3641    0.006    0.000    0.009    0.000 sre_parse.py:201(match)
     4586    0.008    0.000    0.022    0.000 sre_parse.py:207(get)
        1    0.000    0.000    0.000    0.000 sre_parse.py:211(tell)
      862    0.000    0.000    0.000    0.000 sre_parse.py:216(isident)
       92    0.000    0.000    0.001    0.000 sre_parse.py:222(isname)
      112    0.000    0.000    0.000    0.000 sre_parse.py:231(_class_escape)
      438    0.001    0.000    0.001    0.000 sre_parse.py:263(_escape)
   409/46    0.002    0.000    0.104    0.002 sre_parse.py:307(_parse_sub)
  677/116    0.057    0.000    0.103    0.001 sre_parse.py:385(_parse)
    46/44    0.000    0.000    0.106    0.002 sre_parse.py:681(parse)
       46    0.000    0.000    0.000    0.000 sre_parse.py:73(__init__)
      337    0.001    0.000    0.001    0.000 sre_parse.py:78(opengroup)
      337    0.000    0.000    0.000    0.000 sre_parse.py:89(closegroup)
        1    0.000    0.000    0.000    0.000 sre_parse.py:91(checkgroup)
     1245    0.002    0.000    0.002    0.000 sre_parse.py:96(__init__)
        1    0.000    0.000    0.000    0.000 ssl.py:100(SSLSocket)
        1    0.000    0.000    0.000    0.000 ssl.py:4(<module>)
        6    0.000    0.000    0.000    0.000 stat.py:24(S_IFMT)
        6    0.000    0.000    0.000    0.000 stat.py:49(S_ISREG)
        2    0.000    0.000    0.000    0.000 string.py:61(maketrans)
        1    0.001    0.001    0.026    0.026 structure.py:1(<module>)
        2    0.000    0.000    0.000    0.000 structure.py:124(_set_shape)
    16/11    0.000    0.000    0.000    0.000 structure.py:131(struct_setattr)
        1    0.000    0.000    0.000    0.000 structure.py:146(StructOrUnionMeta)
        5    0.000    0.000    0.000    0.000 structure.py:147(__new__)
        4    0.000    0.000    0.000    0.000 structure.py:169(_make_final)
        1    0.000    0.000    0.000    0.000 structure.py:217(StructOrUnion)
        1    0.000    0.000    0.000    0.000 structure.py:257(StructureMeta)
        1    0.000    0.000    0.000    0.000 structure.py:261(Structure)
        1    0.000    0.000    0.000    0.000 structure.py:78(Field)
        4    0.000    0.000    0.000    0.000 structure.py:79(__init__)
        2    0.000    0.000    0.000    0.000 structure.py:9(names_and_fields)
        1    0.001    0.001    0.005    0.005 subprocess.py:10(<module>)
        1    0.000    0.000    0.000    0.000 subprocess.py:1102(_get_handles)
        6    0.000    0.000    0.000    0.000 subprocess.py:1151(_set_cloexec_flag)
        3    0.000    0.000    0.000    0.000 subprocess.py:1164(pipe_cloexec)
        1    0.001    0.001    0.004    0.004 subprocess.py:1190(_execute_child)
        2    0.000    0.000    0.000    0.000 subprocess.py:1211(_close_in_parent)
        1    0.000    0.000    0.000    0.000 subprocess.py:1333(_handle_exitstatus)
        1    0.000    0.000    0.000    0.000 subprocess.py:1374(wait)
        1    0.000    0.000    0.131    0.131 subprocess.py:1395(_communicate)
        1    0.020    0.020    0.130    0.130 subprocess.py:1428(_communicate_with_poll)
        2    0.000    0.000    0.000    0.000 subprocess.py:1435(register_and_append)
        2    0.000    0.000    0.000    0.000 subprocess.py:1439(close_unregister_and_remove)
        1    0.000    0.000    0.000    0.000 subprocess.py:400(CalledProcessError)
        1    0.000    0.000    0.000    0.000 subprocess.py:458(_cleanup)
        2    0.000    0.000    0.002    0.001 subprocess.py:473(_eintr_retry_call)
        1    0.000    0.000    0.000    0.000 subprocess.py:647(Popen)
        1    0.000    0.000    0.005    0.005 subprocess.py:648(__init__)
        1    0.000    0.000    0.131    0.131 subprocess.py:767(communicate)
        1    0.001    0.001    0.002    0.002 tempfile.py:1(<module>)
        1    0.000    0.000    0.000    0.000 tempfile.py:108(_RandomNameSequence)
        1    0.000    0.000    0.000    0.000 tempfile.py:372(_TemporaryFileWrapper)
        1    0.000    0.000    0.000    0.000 tempfile.py:501(SpooledTemporaryFile)
        1    0.000    0.000    0.001    0.001 threading.py:1(<module>)
        1    0.000    0.000    0.000    0.000 threading.py:1054(_Timer)
        1    0.000    0.000    0.000    0.000 threading.py:1084(_MainThread)
        1    0.000    0.000    0.000    0.000 threading.py:1086(__init__)
        1    0.000    0.000    0.000    0.000 threading.py:1093(_set_daemon)
        1    0.000    0.000    0.000    0.000 threading.py:1124(_DummyThread)
        1    0.000    0.000    0.000    0.000 threading.py:124(_RLock)
        2    0.000    0.000    0.000    0.000 threading.py:241(Condition)
        1    0.000    0.000    0.000    0.000 threading.py:254(_Condition)
        2    0.000    0.000    0.000    0.000 threading.py:259(__init__)
        1    0.000    0.000    0.000    0.000 threading.py:299(_is_owned)
        1    0.000    0.000    0.000    0.000 threading.py:368(notify)
        1    0.000    0.000    0.000    0.000 threading.py:395(notifyAll)
        1    0.000    0.000    0.000    0.000 threading.py:418(_Semaphore)
        1    0.000    0.000    0.000    0.000 threading.py:510(_BoundedSemaphore)
        1    0.000    0.000    0.000    0.000 threading.py:537(Event)
        1    0.000    0.000    0.000    0.000 threading.py:547(_Event)
        1    0.000    0.000    0.000    0.000 threading.py:556(__init__)
        1    0.000    0.000    0.000    0.000 threading.py:56(_Verbose)
        1    0.000    0.000    0.000    0.000 threading.py:571(set)
        4    0.000    0.000    0.000    0.000 threading.py:58(__init__)
        1    0.000    0.000    0.000    0.000 threading.py:63(_note)
        1    0.000    0.000    0.000    0.000 threading.py:636(Thread)
        1    0.000    0.000    0.000    0.000 threading.py:652(__init__)
        1    0.000    0.000    0.000    0.000 threading.py:785(_set_ident)
        1    0.000    0.000    0.018    0.018 tokenize.py:1(<module>)
        1    0.000    0.000    0.000    0.000 tokenize.py:145(TokenError)
        1    0.000    0.000    0.000    0.000 tokenize.py:147(StopTokenizing)
        1    0.000    0.000    0.000    0.000 tokenize.py:178(Untokenizer)
       19    0.000    0.000    0.000    0.000 tokenize.py:44(group)
        1    0.000    0.000    0.000    0.000 tokenize.py:45(any)
        2    0.000    0.000    0.000    0.000 tokenize.py:46(maybe)
        1    0.000    0.000    0.000    0.000 union.py:1(<module>)
        1    0.000    0.000    0.000    0.000 union.py:3(UnionMeta)
        1    0.000    0.000    0.000    0.000 union.py:6(Union)
        1    0.015    0.015    0.018    0.018 urllib.py:1(<module>)
        1    0.000    0.000    0.000    0.000 urllib.py:1003(addinfourl)
        1    0.000    0.000    0.000    0.000 urllib.py:110(ContentTooShortError)
        1    0.000    0.000    0.000    0.000 urllib.py:116(URLopener)
      485    0.001    0.000    0.001    0.000 urllib.py:1203(<genexpr>)
        1    0.000    0.000    0.000    0.000 urllib.py:610(FancyURLopener)
        1    0.000    0.000    0.000    0.000 urllib.py:854(ftpwrapper)
        1    0.000    0.000    0.000    0.000 urllib.py:949(addbase)
        1    0.000    0.000    0.000    0.000 urllib.py:978(addclosehook)
        1    0.000    0.000    0.000    0.000 urllib.py:993(addinfo)
        1    0.003    0.003    0.034    0.034 urllib2.py:1(<module>)
        1    0.000    0.000    0.000    0.000 urllib2.py:1072(HTTPDigestAuthHandler)
        1    0.000    0.000    0.000    0.000 urllib2.py:1090(ProxyDigestAuthHandler)
        1    0.000    0.000    0.000    0.000 urllib2.py:1102(AbstractHTTPHandler)
        1    0.000    0.000    0.000    0.000 urllib2.py:1213(HTTPHandler)
        1    0.000    0.000    0.000    0.000 urllib2.py:1221(HTTPSHandler)
        1    0.000    0.000    0.000    0.000 urllib2.py:1228(HTTPCookieProcessor)
        1    0.000    0.000    0.000    0.000 urllib2.py:1246(UnknownHandler)
        1    0.000    0.000    0.000    0.000 urllib2.py:1310(FileHandler)
        1    0.000    0.000    0.000    0.000 urllib2.py:1362(FTPHandler)
        1    0.000    0.000    0.000    0.000 urllib2.py:137(URLError)
        1    0.000    0.000    0.000    0.000 urllib2.py:1422(CacheFTPHandler)
        1    0.000    0.000    0.000    0.000 urllib2.py:150(HTTPError)
        1    0.000    0.000    0.000    0.000 urllib2.py:197(Request)
        1    0.000    0.000    0.000    0.000 urllib2.py:311(OpenerDirector)
        1    0.000    0.000    0.000    0.000 urllib2.py:493(BaseHandler)
        1    0.000    0.000    0.000    0.000 urllib2.py:512(HTTPErrorProcessor)
        1    0.000    0.000    0.000    0.000 urllib2.py:529(HTTPDefaultErrorHandler)
        1    0.000    0.000    0.000    0.000 urllib2.py:533(HTTPRedirectHandler)
        1    0.000    0.000    0.000    0.000 urllib2.py:710(ProxyHandler)
        1    0.000    0.000    0.000    0.000 urllib2.py:753(HTTPPasswordMgr)
        1    0.000    0.000    0.000    0.000 urllib2.py:817(HTTPPasswordMgrWithDefaultRealm)
        1    0.000    0.000    0.001    0.001 urllib2.py:827(AbstractBasicAuthHandler)
        1    0.000    0.000    0.000    0.000 urllib2.py:890(HTTPBasicAuthHandler)
        1    0.000    0.000    0.000    0.000 urllib2.py:902(ProxyBasicAuthHandler)
        1    0.000    0.000    0.000    0.000 urllib2.py:932(AbstractDigestAuthHandler)
        1    0.000    0.000    0.004    0.004 urlparse.py:1(<module>)
        1    0.000    0.000    0.000    0.000 urlparse.py:120(SplitResult)
        1    0.000    0.000    0.000    0.000 urlparse.py:128(ParseResult)
      485    0.001    0.000    0.001    0.000 urlparse.py:331(<genexpr>)
        1    0.000    0.000    0.000    0.000 urlparse.py:73(ResultMixin)
        1    0.000    0.000    0.000    0.000 util.py:171(Finalize)
        1    0.000    0.000    0.000    0.000 util.py:330(ForkAwareThreadLock)
        1    0.000    0.000    0.000    0.000 util.py:340(ForkAwareLocal)
        1    0.000    0.000    0.000    0.000 util.py:35(<module>)
        1    0.000    0.000    0.000    0.000 util.py:4(<module>)
        4    0.000    0.000    0.006    0.001 util.py:75(find_library)
        1    0.000    0.000    0.000    0.000 utils.py:10(FeatureValueCleaner)
        1    0.000    0.000    0.000    0.000 utils.py:32(__init__)
        1    0.000    0.000    0.000    0.000 utils.py:6(<module>)
        1    0.000    0.000    0.000    0.000 vengine_gen.py:1(<module>)
        2    0.001    0.000    0.025    0.013 vengine_gen.py:107(_load)
        1    0.000    0.000    0.000    0.000 vengine_gen.py:11(__init__)
      153    0.000    0.000    0.000    0.000 vengine_gen.py:120(_loaded_noop)
        1    0.000    0.000    0.000    0.000 vengine_gen.py:17(patch_extension_kwds)
       71    0.001    0.000    0.012    0.000 vengine_gen.py:170(_loaded_gen_function)
      227    0.000    0.000    0.000    0.000 vengine_gen.py:177(<genexpr>)
        1    0.000    0.000    0.000    0.000 vengine_gen.py:33(collect_types)
       70    0.000    0.000    0.011    0.000 vengine_gen.py:386(_load_constant)
       70    0.000    0.000    0.011    0.000 vengine_gen.py:479(_loaded_gen_macro)
        1    0.000    0.000    0.026    0.026 vengine_gen.py:61(load_library)
        1    0.000    0.000    0.000    0.000 vengine_gen.py:7(VGenericEngine)
        1    0.000    0.000    0.000    0.000 vengine_gen.py:76(FFILibrary)
        2    0.001    0.001    0.001    0.001 vengine_gen.py:89(_get_declarations)
        1    0.000    0.000    0.002    0.002 verifier.py:1(<module>)
        1    0.000    0.000    0.000    0.000 verifier.py:102(_locate_module)
        1    0.000    0.000    0.026    0.026 verifier.py:149(_load_library)
        1    0.000    0.000    0.000    0.000 verifier.py:157(_locate_engine_class)
        1    0.000    0.000    0.000    0.000 verifier.py:181(_caller_dir_pycache)
        1    0.000    0.000    0.000    0.000 verifier.py:224(_get_so_suffixes)
        1    0.000    0.000    0.000    0.000 verifier.py:6(Verifier)
        1    0.000    0.000    0.026    0.026 verifier.py:61(load_library)
        1    0.000    0.000    0.001    0.001 verifier.py:8(__init__)
        3    0.000    0.000    0.000    0.000 warnings.py:14(warnpy3k)
        2    0.000    0.000    0.000    0.000 warnings.py:318(__init__)
        2    0.000    0.000    0.000    0.000 warnings.py:339(__enter__)
        2    0.000    0.000    0.000    0.000 warnings.py:355(__exit__)
        1    0.000    0.000    0.001    0.001 warnings.py:45(filterwarnings)
       72    0.000    0.000    0.000    0.000 weakref.py:108(get)
       72    0.000    0.000    0.000    0.000 weakref.py:234(__new__)
       72    0.000    0.000    0.000    0.000 weakref.py:239(__init__)
        2    0.000    0.000    0.000    0.000 weakref.py:254(__init__)
        2    0.000    0.000    0.000    0.000 weakref.py:47(__init__)
       78    0.000    0.000    0.000    0.000 weakref.py:62(__getitem__)
       72    0.000    0.000    0.001    0.000 weakref.py:86(__setitem__)
        1    0.000    0.000    0.000    0.000 xmlreader.py:1(<module>)
        1    0.000    0.000    0.000    0.000 xmlreader.py:11(XMLReader)
        1    0.000    0.000    0.000    0.000 xmlreader.py:163(Locator)
        1    0.000    0.000    0.000    0.000 xmlreader.py:187(InputSource)
        1    0.000    0.000    0.000    0.000 xmlreader.py:276(AttributesImpl)
        1    0.000    0.000    0.000    0.000 xmlreader.py:341(AttributesNSImpl)
        1    0.000    0.000    0.000    0.000 xmlreader.py:91(IncrementalParser)
        1    0.000    0.000    0.000    0.000 yacc.py:1152(Production)
        1    0.000    0.000    0.000    0.000 yacc.py:117(PlyLogger)
        1    0.000    0.000    0.000    0.000 yacc.py:118(__init__)
        1    0.000    0.000    0.000    0.000 yacc.py:1225(MiniProduction)
      258    0.000    0.000    0.000    0.000 yacc.py:1226(__init__)
      258    0.000    0.000    0.000    0.000 yacc.py:1240(bind)
        1    0.000    0.000    0.000    0.000 yacc.py:1269(LRItem)
        1    0.000    0.000    0.000    0.000 yacc.py:1312(GrammarError)
        1    0.000    0.000    0.000    0.000 yacc.py:1314(Grammar)
        1    0.000    0.000    0.000    0.000 yacc.py:133(NullLogger)
        1    0.000    0.000    0.000    0.000 yacc.py:140(YaccError)
        1    0.000    0.000    0.000    0.000 yacc.py:178(YaccSymbol)
        1    0.000    0.000    0.000    0.000 yacc.py:1812(VersionError)
        1    0.000    0.000    0.000    0.000 yacc.py:1814(LRTable)
        1    0.000    0.000    0.000    0.000 yacc.py:1815(__init__)
        1    0.000    0.000    0.033    0.033 yacc.py:1821(read_table)
        1    0.000    0.000    0.000    0.000 yacc.py:1870(bind_callables)
        1    0.000    0.000    0.000    0.000 yacc.py:191(YaccProduction)
       10    0.000    0.000    0.000    0.000 yacc.py:192(__init__)
        1    0.000    0.000    0.000    0.000 yacc.py:1930(LALRError)
        1    0.000    0.000    0.000    0.000 yacc.py:1939(LRGeneratedTable)
     5980    0.007    0.000    0.007    0.000 yacc.py:197(__getitem__)
     4624    0.012    0.000    0.012    0.000 yacc.py:201(__setitem__)
      747    0.001    0.000    0.001    0.000 yacc.py:207(__len__)
      853    0.001    0.000    0.002    0.000 yacc.py:210(lineno)
        1    0.000    0.000    0.000    0.000 yacc.py:239(LRParser)
        1    0.000    0.000    0.000    0.000 yacc.py:240(__init__)
       10    0.000    0.000    0.206    0.021 yacc.py:257(parse)
        1    0.000    0.000    0.000    0.000 yacc.py:2762(ParserReflect)
        1    0.000    0.000    0.000    0.000 yacc.py:2763(__init__)
        1    0.000    0.000    0.001    0.001 yacc.py:2778(get_all)
        1    0.001    0.001    0.002    0.002 yacc.py:2796(signature)
        1    0.000    0.000    0.000    0.000 yacc.py:2855(get_start)
        1    0.000    0.000    0.000    0.000 yacc.py:2865(get_error_func)
        1    0.000    0.000    0.000    0.000 yacc.py:2889(get_tokens)
        1    0.000    0.000    0.000    0.000 yacc.py:2923(get_precedence)
        1    0.000    0.000    0.001    0.001 yacc.py:2958(get_pfunctions)
        1    0.000    0.000    0.036    0.036 yacc.py:3036(yacc)
        1    0.002    0.002    0.003    0.003 yacc.py:62(<module>)
       10    0.097    0.010    0.206    0.021 yacc.py:869(parseopt_notrack)
      280    0.000    0.000    0.000    0.000 yacc.py:91(func_code)
        1    0.031    0.031    0.031    0.031 yacctab.py:4(<module>)
        2    0.000    0.000    0.001    0.000 {__import__}
       11    0.000    0.000    0.000    0.000 {__pypy__.builtinify}
       54    0.000    0.000    0.000    0.000 {__pypy__.newdict}
        1    0.000    0.000    0.000    0.000 {_cffi_backend._get_types}
        2    0.000    0.000    0.000    0.000 {_cffi_backend.cast}
        2    0.000    0.000    0.000    0.000 {_cffi_backend.load_library}
        1    0.000    0.000    0.000    0.000 {_cffi_backend.new_array_type}
       46    0.000    0.000    0.000    0.000 {_cffi_backend.new_function_type}
       13    0.000    0.000    0.000    0.000 {_cffi_backend.new_pointer_type}
        6    0.000    0.000    0.000    0.000 {_cffi_backend.new_primitive_type}
        5    0.000    0.000    0.000    0.000 {_cffi_backend.new_struct_type}
        1    0.000    0.000    0.000    0.000 {_cffi_backend.new_void_type}
       82    0.000    0.000    0.000    0.000 {_cffi_backend.newp}
        1    0.000    0.000    0.000    0.000 {_cffi_backend.sizeof}
        4    0.000    0.000    0.000    0.000 {_cffi_backend.string}
        1    0.000    0.000    0.000    0.000 {_csv.reader}
        2    0.000    0.000    0.000    0.000 {_hashlib.openssl_md5}
        1    0.000    0.000    0.000    0.000 {_hashlib.openssl_sha1}
        1    0.000    0.000    0.000    0.000 {_hashlib.openssl_sha224}
        1    0.000    0.000    0.000    0.000 {_hashlib.openssl_sha256}
        1    0.000    0.000    0.000    0.000 {_hashlib.openssl_sha384}
        1    0.000    0.000    0.000    0.000 {_hashlib.openssl_sha512}
        6    0.000    0.000    0.000    0.000 {_rawffi.alignment}
        2    0.000    0.000    0.000    0.000 {_rawffi.get_libc}
       44    0.000    0.000    0.000    0.000 {_rawffi.sizeof}
       39    0.000    0.000    0.000    0.000 {_sre.getlower}
       48    0.000    0.000    0.000    0.000 {abs}
        2    0.000    0.000    0.000    0.000 {binascii.crc32}
        1    0.000    0.000    0.000    0.000 {binascii.hexlify}
     7212    0.001    0.000    0.001    0.000 {cStringIO.StringIO}
       34    0.000    0.000    0.000    0.000 {callable}
     1679    0.001    0.000    0.001    0.000 {chr}
       60    0.000    0.000    0.000    0.000 {cmp}
       30    0.000    0.000    0.000    0.000 {divmod}
       12    0.000    0.000    0.000    0.000 {fcntl.fcntl}
        1    0.000    0.000    0.000    0.000 {gc.disable}
        1    0.000    0.000    0.000    0.000 {gc.enable}
        1    0.000    0.000    0.000    0.000 {gc.isenabled}
     3909    0.002    0.000    0.002    0.000 {getattr}
       38    0.000    0.000    0.000    0.000 {globals}
     3898    0.002    0.000    0.003    0.000 {hasattr}
 1291/377    0.001    0.000    0.004    0.000 {hash}
        2    0.000    0.000    0.000    0.000 {hex}
        1    0.000    0.000    0.000    0.000 {imp.get_suffixes}
    88076    0.016    0.000    0.017    0.000 {isinstance}
    34/21    0.000    0.000    0.000    0.000 {issubclass}
        2    0.000    0.000    0.000    0.000 {iter}
51511/42978    0.010    0.000    0.013    0.000 {len}
        1    0.000    0.000    0.000    0.000 {math.exp}
        6    0.000    0.000    0.000    0.000 {math.floor}
      231    0.000    0.000    0.000    0.000 {math.log}
        1    0.000    0.000    0.000    0.000 {math.sqrt}
      498    0.000    0.000    0.000    0.000 {max}
        7    0.000    0.000    0.000    0.000 {method 'Pointer' of '?' objects}
       43    0.000    0.000    0.000    0.000 {method '__contains__' of 'frozenset' objects}
       72    0.000    0.000    0.000    0.000 {method '__init__' of 'KeyedRef' objects}
     7211    0.002    0.000    0.002    0.000 {method '__init__' of 'dict' objects}
       14    0.000    0.000    0.000    0.000 {method '__new__' of 'SimpleType' objects}
        8    0.000    0.000    0.000    0.000 {method '__new__' of 'structseqtype' objects}
       12    0.000    0.000    0.000    0.000 {method '__new__' of 'type' objects}
       16    0.000    0.000    0.000    0.000 {method '__setattr__' of 'object' objects}
        3    0.000    0.000    0.000    0.000 {method '__setitem__' of 'dict' objects}
       11    0.000    0.000    0.000    0.000 {method '__subclasses__' of 'type' objects}
        8    0.000    0.000    0.000    0.000 {method '__subclasshook__' of '?' objects}
       94    0.000    0.000    0.000    0.000 {method 'acquire' of 'thread.lock' objects}
       89    0.000    0.000    0.000    0.000 {method 'add' of 'set' objects}
    39924    0.009    0.000    0.009    0.000 {method 'append' of 'list' objects}
        3    0.000    0.000    0.000    0.000 {method 'byptr' of 'CallbackPtr' objects}
        2    0.000    0.000    0.000    0.000 {method 'clear' of 'dict' objects}
        5    0.000    0.000    0.000    0.000 {method 'close' of 'file' objects}
        1    0.000    0.000    0.000    0.000 {method 'count' of 'list' objects}
      189    0.000    0.000    0.000    0.000 {method 'count' of 'str' objects}
        4    0.000    0.000    0.000    0.000 {method 'decode' of 'str' objects}
        1    0.000    0.000    0.000    0.000 {method 'digest' of 'HASH' objects}
        1    0.000    0.000    0.000    0.000 {method 'disable' of '_lsprof.Profiler' objects}
       62    0.000    0.000    0.000    0.000 {method 'discard' of 'set' objects}
      143    0.001    0.000    0.001    0.000 {method 'encode' of 'str' objects}
     1466    0.000    0.000    0.000    0.000 {method 'end' of 'SRE_Match' objects}
       81    0.000    0.000    0.000    0.000 {method 'endswith' of 'str' objects}
      254    0.000    0.000    0.000    0.000 {method 'extend' of 'list' objects}
        4    0.000    0.000    0.000    0.000 {method 'fieldoffset' of 'Structure' objects}
        4    0.000    0.000    0.000    0.000 {method 'fieldsize' of 'Structure' objects}
        5    0.000    0.000    0.000    0.000 {method 'fileno' of 'file' objects}
        2    0.000    0.000    0.000    0.000 {method 'find' of 'str' objects}
       10    0.003    0.000    0.003    0.000 {method 'findall' of 'SRE_Pattern' objects}
        1    0.000    0.000    0.000    0.000 {method 'flush' of 'file' objects}
      269    0.001    0.000    0.001    0.000 {method 'format' of 'str' objects}
        1    0.000    0.000    0.000    0.000 {method 'free' of 'ArrayInstance' objects}
        1    0.000    0.000    0.000    0.000 {method 'free' of 'CallbackPtr' objects}
        2    0.000    0.000    0.000    0.000 {method 'fromaddr' of '?' objects}
       14    0.000    0.000    0.000    0.000 {method 'fromaddress' of 'Array' objects}
    15512    0.006    0.000    0.006    0.000 {method 'get' of 'dict' objects}
        1    0.000    0.000    0.000    0.000 {method 'get_ffi_type' of 'Structure' objects}
       15    0.000    0.000    0.000    0.000 {method 'getaddr' of '_rawffi.alt.FuncPtr' objects}
        2    0.000    0.000    0.000    0.000 {method 'getaddressindll' of 'CDLL' objects}
       14    0.000    0.000    0.000    0.000 {method 'getaddressindll' of '_rawffi.alt.CDLL' objects}
       15    0.000    0.000    0.000    0.000 {method 'getfunc' of '_rawffi.alt.CDLL' objects}
     7212    0.002    0.000    0.002    0.000 {method 'getvalue' of 'StringO' objects}
     1522    0.001    0.000    0.001    0.000 {method 'group' of 'SRE_Match' objects}
        4    0.000    0.000    0.000    0.000 {method 'groupdict' of 'SRE_Match' objects}
       70    0.000    0.000    0.000    0.000 {method 'groups' of 'SRE_Match' objects}
      452    0.000    0.000    0.000    0.000 {method 'insert' of 'list' objects}
      300    0.000    0.000    0.000    0.000 {method 'isalnum' of 'str' objects}
       43    0.000    0.000    0.000    0.000 {method 'isdigit' of 'str' objects}
     5238    0.003    0.000    0.003    0.000 {method 'issuperset' of 'set' objects}
      549    0.001    0.000    0.001    0.000 {method 'items' of 'dict' objects}
        7    0.000    0.000    0.000    0.000 {method 'iteritems' of 'dict' objects}
     7724    0.024    0.000    0.024    0.000 {method 'join' of 'str' objects}
     1158    0.000    0.000    0.000    0.000 {method 'keys' of 'dict' objects}
    141/0    0.000    0.000    0.000          {method 'load_function' of '_cffi_backend.Library' objects}
     7251    0.001    0.000    0.001    0.000 {method 'lower' of 'str' objects}
        5    0.000    0.000    0.000    0.000 {method 'lstrip' of 'str' objects}
     4977    0.017    0.000    0.017    0.000 {method 'match' of 'SRE_Pattern' objects}
   7212/2    0.002    0.000    0.000    0.000 {method 'next' of 'generator' objects}
     6219    0.099    0.000    0.099    0.000 {method 'poll' of 'select.poll' objects}
       87    0.000    0.000    0.000    0.000 {method 'pop' of 'dict' objects}
       24    0.000    0.000    0.000    0.000 {method 'pop' of 'list' objects}
        1    0.005    0.005    0.005    0.005 {method 'read' of 'file' objects}
    14426    0.065    0.000    0.065    0.000 {method 'readline' of 'file' objects}
        2    0.000    0.000    0.000    0.000 {method 'register' of 'select.poll' objects}
       11    0.000    0.000    0.000    0.000 {method 'release' of 'thread.lock' objects}
      337    0.000    0.000    0.000    0.000 {method 'remove' of 'list' objects}
       13    0.000    0.000    0.000    0.000 {method 'remove' of 'set' objects}
    59569    0.024    0.000    0.024    0.000 {method 'replace' of 'str' objects}
       27    0.000    0.000    0.000    0.000 {method 'rfind' of 'str' objects}
    14445    0.002    0.000    0.002    0.000 {method 'rstrip' of 'str' objects}
       20    0.000    0.000    0.000    0.000 {method 'scanner' of 'SRE_Pattern' objects}
       28    0.000    0.000    0.000    0.000 {method 'search' of 'SRE_Pattern' objects}
        1    0.000    0.000    0.000    0.000 {method 'seed' of 'Random' objects}
       80    0.000    0.000    0.002    0.000 {method 'setdefault' of 'dict' objects}
        6    0.000    0.000    0.000    0.000 {method 'setter' of 'property' objects}
       24    0.001    0.000    0.001    0.000 {method 'sort' of 'list' objects}
    15067    0.004    0.000    0.004    0.000 {method 'split' of 'str' objects}
       23    0.000    0.000    0.000    0.000 {method 'splitlines' of 'str' objects}
     1424    0.000    0.000    0.000    0.000 {method 'startswith' of 'str' objects}
       95    0.000    0.000    0.000    0.000 {method 'strip' of 'str' objects}
       30    0.004    0.000    0.004    0.000 {method 'sub' of 'SRE_Pattern' objects}
        2    0.000    0.000    0.000    0.000 {method 'translate' of 'str' objects}
        2    0.000    0.000    0.000    0.000 {method 'unregister' of 'select.poll' objects}
      142    0.000    0.000    0.000    0.000 {method 'update' of 'HASH' objects}
     7228    0.006    0.000    0.006    0.000 {method 'update' of 'dict' objects}
        2    0.000    0.000    0.000    0.000 {method 'update' of 'set' objects}
        9    0.000    0.000    0.000    0.000 {method 'upper' of 'str' objects}
        5    0.000    0.000    0.000    0.000 {method 'values' of 'dict' objects}
    50189    0.012    0.000    0.012    0.000 {method 'write' of 'StringO' objects}
     3178    0.001    0.000    0.001    0.000 {min}
    14885    0.001    0.000    0.001    0.000 {ord}
        1    0.000    0.000    0.000    0.000 {posix.WEXITSTATUS}
        1    0.000    0.000    0.000    0.000 {posix.WIFEXITED}
        1    0.000    0.000    0.000    0.000 {posix.WIFSIGNALED}
        4    0.000    0.000    0.000    0.000 {posix.close}
        1    0.001    0.001    0.001    0.001 {posix.fork}
        1    0.000    0.000    0.000    0.000 {posix.getcwd}
        3    0.000    0.000    0.000    0.000 {posix.pipe}
       19    0.002    0.000    0.002    0.000 {posix.read}
       42    0.000    0.000    0.001    0.000 {posix.stat}
        1    0.000    0.000    0.000    0.000 {posix.sysconf}
        1    0.000    0.000    0.000    0.000 {posix.uname}
        2    0.000    0.000    0.000    0.000 {posix.urandom}
        1    0.000    0.000    0.000    0.000 {posix.waitpid}
     6201    0.011    0.000    0.011    0.000 {posix.write}
     8240    0.002    0.000    0.002    0.000 {range}
        8    0.000    0.000    0.000    0.000 {repr}
      303    0.000    0.000    0.000    0.000 {reversed}
      230    0.000    0.000    0.000    0.000 {round}
        1    0.000    0.000    0.000    0.000 {select.poll}
      292    0.000    0.000    0.000    0.000 {setattr}
       18    0.000    0.000    0.000    0.000 {struct.calcsize}
        9    0.000    0.000    0.000    0.000 {sys._getframe}
        9    0.000    0.000    0.000    0.000 {thread.allocate_lock}
       36    0.000    0.000    0.000    0.000 {thread.get_ident}


