>> Starting up...
>> Performing file extention checks...
>> Opening FASTA File: ./SupplementaryScripts/NC_008268.faa
>> Opening CSV File: ./SupplementaryScripts/OrganismDB.csv
>> Good CSV file.
>> Opening HMM File: ./TestHMMs/Cyp125(GramPos).hmm
>> Extracting Protein Annotations...
>> Extracting Organism Info...
>> Running Hmmsearch...
>> Parsing and filtering hmmsearch results...
>> Extracting Hit Proteins.
>> Opened database successfully!
         603287 function calls (594870 primitive calls) in 0.735 seconds

   Ordered by: standard name

   ncalls  tottime  percall  cumtime  percall filename:lineno(function)
        1    0.000    0.000    0.000    0.000 <string>:1(<module>)
        1    0.000    0.000    0.000    0.000 <string>:1(ParseResult)
        1    0.000    0.000    0.000    0.000 <string>:1(SplitResult)
        1    0.000    0.000    0.000    0.000 <string>:112(PIProxy)
        1    0.000    0.000    0.000    0.000 <string>:14(CommentProxy)
        1    0.000    0.000    0.000    0.000 <string>:22(ElementTree)
        1    0.000    0.000    0.000    0.000 <string>:65(iterparse)
        1    0.000    0.000    0.000    0.000 AbiIO.py:15(<module>)
        1    0.000    0.000    0.000    0.000 Ace.py:108(af)
        1    0.000    0.000    0.000    0.000 Ace.py:126(bs)
        1    0.000    0.000    0.000    0.000 Ace.py:139(rt)
        1    0.000    0.000    0.000    0.000 Ace.py:159(ct)
        1    0.000    0.000    0.000    0.000 Ace.py:183(wa)
        1    0.000    0.000    0.000    0.000 Ace.py:197(wr)
        1    0.000    0.000    0.000    0.000 Ace.py:212(Reads)
        1    0.000    0.000    0.000    0.000 Ace.py:229(Contig)
        1    0.000    0.000    0.000    0.000 Ace.py:461(ACEFileRecord)
        1    0.000    0.000    0.000    0.000 Ace.py:54(<module>)
        1    0.000    0.000    0.000    0.000 Ace.py:59(rd)
        1    0.000    0.000    0.000    0.000 Ace.py:72(qa)
        1    0.000    0.000    0.000    0.000 Ace.py:87(ds)
        1    0.000    0.000    0.000    0.000 AceIO.py:12(<module>)
        1    0.000    0.000    0.000    0.000 ClustalIO.py:10(<module>)
        1    0.000    0.000    0.000    0.000 ClustalIO.py:20(ClustalWriter)
        1    0.000    0.000    0.000    0.000 ClustalIO.py:84(ClustalIterator)
        1    0.001    0.001    0.054    0.054 CodonTable.py:10(<module>)
       51    0.001    0.000    0.001    0.000 CodonTable.py:121(make_back_table)
        1    0.000    0.000    0.000    0.000 CodonTable.py:132(NCBICodonTable)
       51    0.000    0.000    0.001    0.000 CodonTable.py:136(__init__)
        1    0.000    0.000    0.000    0.000 CodonTable.py:145(NCBICodonTableDNA)
        1    0.000    0.000    0.000    0.000 CodonTable.py:149(NCBICodonTableRNA)
        1    0.000    0.000    0.000    0.000 CodonTable.py:155(AmbiguousCodonTable)
       51    0.000    0.000    0.049    0.001 CodonTable.py:156(__init__)
       50    0.000    0.000    0.000    0.000 CodonTable.py:180(__getattr__)
       40    0.000    0.000    0.000    0.000 CodonTable.py:184(list_possible_proteins)
      107    0.028    0.000    0.045    0.000 CodonTable.py:208(list_ambiguous_codons)
      416    0.004    0.000    0.005    0.000 CodonTable.py:225(<genexpr>)
     7862    0.001    0.000    0.001    0.000 CodonTable.py:227(<genexpr>)
      310    0.004    0.000    0.005    0.000 CodonTable.py:228(<genexpr>)
     7862    0.001    0.000    0.001    0.000 CodonTable.py:230(<genexpr>)
      497    0.004    0.000    0.005    0.000 CodonTable.py:231(<genexpr>)
     7862    0.001    0.000    0.001    0.000 CodonTable.py:233(<genexpr>)
        1    0.000    0.000    0.000    0.000 CodonTable.py:283(AmbiguousForwardTable)
       51    0.004    0.000    0.005    0.000 CodonTable.py:284(__init__)
       57    0.000    0.000    0.000    0.000 CodonTable.py:308(__getitem__)
       16    0.000    0.000    0.000    0.000 CodonTable.py:373(<lambda>)
       17    0.001    0.000    0.052    0.003 CodonTable.py:380(register_ncbi_table)
        1    0.000    0.000    0.000    0.000 CodonTable.py:41(TranslationError)
        1    0.000    0.000    0.000    0.000 CodonTable.py:45(CodonTable)
       51    0.000    0.000    0.000    0.000 CodonTable.py:55(__init__)
        1    0.000    0.000    0.000    0.000 ElementPath.py:237(_SelectorContext)
        1    0.000    0.000    0.001    0.001 ElementPath.py:59(<module>)
        1    0.000    0.000    0.000    0.000 ElementTree.py:104(_SimpleElementPath)
        1    0.000    0.000    0.000    0.000 ElementTree.py:1205(_IterParseIterator)
        1    0.000    0.000    0.000    0.000 ElementTree.py:1365(TreeBuilder)
        1    0.000    0.000    0.000    0.000 ElementTree.py:138(ParseError)
        1    0.000    0.000    0.000    0.000 ElementTree.py:1455(XMLParser)
        1    0.000    0.000    0.000    0.000 ElementTree.py:171(Element)
        1    0.000    0.000    0.000    0.000 ElementTree.py:580(QName)
        1    0.001    0.001    0.001    0.001 ElementTree.py:59(<module>)
        1    0.000    0.000    0.000    0.000 ElementTree.py:605(ElementTree)
        1    0.000    0.000    0.000    0.000 EmbossIO.py:13(<module>)
        1    0.000    0.000    0.000    0.000 EmbossIO.py:23(EmbossWriter)
        1    0.000    0.000    0.000    0.000 EmbossIO.py:63(EmbossIterator)
        1    0.000    0.000    0.000    0.000 FastaIO.py:12(<module>)
        1    0.000    0.000    0.000    0.000 FastaIO.py:126(FastaWriter)
     7211    0.009    0.000    0.013    0.000 FastaIO.py:128(__init__)
     7211    0.053    0.000    0.130    0.000 FastaIO.py:166(write_record)
        1    0.000    0.000    0.000    0.000 FastaIO.py:20(<module>)
     7212    0.023    0.000    0.063    0.000 FastaIO.py:22(SimpleFastaParser)
     7212    0.017    0.000    0.129    0.000 FastaIO.py:73(FastaIterator)
        1    0.000    0.000    0.000    0.000 File.py:102(UndoHandle)
        1    0.000    0.000    0.000    0.000 File.py:18(<module>)
        1    0.000    0.000    0.000    0.000 File.py:190(_IndexedSeqFileProxy)
        1    0.000    0.000    0.000    0.000 File.py:220(_IndexedSeqFileDict)
        1    0.000    0.000    0.000    0.000 File.py:410(_SQLiteManySeqFilesDict)
    14424    0.004    0.000    0.006    0.000 File.py:46(as_handle)
        1    0.000    0.000    0.000    0.000 Generic.py:15(<module>)
        1    0.000    0.000    0.000    0.000 Generic.py:26(Alignment)
        1    0.000    0.000    0.000    0.000 HMMExtract.py:124(getHitProteins)
        1    0.000    0.000    0.001    0.001 HMMExtract.py:142(insertOrganismInfo)
        1    0.000    0.000    0.003    0.003 HMMExtract.py:147(insertHits)
        1    0.000    0.000    0.001    0.001 HMMExtract.py:153(insertProteins)
        1    0.003    0.003    0.735    0.735 HMMExtract.py:16(<module>)
        1    0.000    0.000    0.000    0.000 HMMExtract.py:36(argsCheck)
        1    0.000    0.000    0.140    0.140 HMMExtract.py:45(runHMMSearch)
        1    0.014    0.014    0.444    0.444 HMMExtract.py:56(createProteomeHash)
        1    0.000    0.000    0.001    0.001 HMMExtract.py:70(parseHmmsearchResults)
        1    0.000    0.000    0.000    0.000 HMMExtract.py:94(filterHMMHitTable)
        1    0.000    0.000    0.000    0.000 HMMExtract.py:98(filterHMMHitTableByOverLap)
        1    0.000    0.000    0.000    0.000 IUPAC.py:21(ExtendedIUPACProtein)
        1    0.000    0.000    0.000    0.000 IUPAC.py:43(IUPACProtein)
        1    0.000    0.000    0.000    0.000 IUPAC.py:54(IUPACAmbiguousDNA)
        1    0.000    0.000    0.000    0.000 IUPAC.py:61(IUPACUnambiguousDNA)
        1    0.000    0.000    0.000    0.000 IUPAC.py:69(ExtendedIUPACDNA)
        1    0.001    0.001    0.001    0.001 IUPAC.py:8(<module>)
        1    0.000    0.000    0.000    0.000 IUPAC.py:86(IUPACAmbiguousRNA)
        1    0.000    0.000    0.000    0.000 IUPAC.py:93(IUPACUnambiguousRNA)
        3    0.000    0.000    0.000    0.000 IUPACData.py:135(_make_ranges)
        3    0.000    0.000    0.000    0.000 IUPACData.py:159(_make_ambiguous_ranges)
        1    0.000    0.000    0.001    0.001 IUPACData.py:3(<module>)
       21    0.000    0.000    0.000    0.000 IUPACData.py:40(<genexpr>)
       27    0.000    0.000    0.000    0.000 IUPACData.py:42(<genexpr>)
        1    0.000    0.000    0.000    0.000 IgIO.py:13(<module>)
        1    0.000    0.000    0.000    0.000 InsdcIO.py:1112(ImgtWriter)
        1    0.000    0.000    0.000    0.000 InsdcIO.py:274(_InsdcWriter)
        1    0.001    0.001    0.016    0.016 InsdcIO.py:32(<module>)
        1    0.000    0.000    0.000    0.000 InsdcIO.py:424(GenBankWriter)
        1    0.000    0.000    0.000    0.000 InsdcIO.py:813(EmblWriter)
        1    0.000    0.000    0.000    0.000 Interfaces.py:115(SequentialAlignmentWriter)
        1    0.000    0.000    0.000    0.000 Interfaces.py:134(SequenceWriter)
     7211    0.018    0.000    0.025    0.000 Interfaces.py:148(_get_seq_string)
    14422    0.011    0.000    0.022    0.000 Interfaces.py:160(clean)
        1    0.000    0.000    0.000    0.000 Interfaces.py:18(AlignmentIterator)
        1    0.000    0.000    0.000    0.000 Interfaces.py:180(SequentialSequenceWriter)
        1    0.000    0.000    0.000    0.000 Interfaces.py:19(SequenceIterator)
     7211    0.004    0.000    0.004    0.000 Interfaces.py:201(__init__)
     7211    0.003    0.000    0.003    0.000 Interfaces.py:207(write_header)
     7211    0.003    0.000    0.003    0.000 Interfaces.py:213(write_footer)
     7211    0.007    0.000    0.137    0.000 Interfaces.py:235(write_records)
     7211    0.009    0.000    0.152    0.000 Interfaces.py:257(write_file)
        1    0.000    0.000    0.000    0.000 Interfaces.py:80(InterlacedSequenceIterator)
        1    0.000    0.000    0.000    0.000 Interfaces.py:86(AlignmentWriter)
        2    0.000    0.000    0.000    0.000 Interfaces.py:9(<module>)
        1    0.001    0.001    0.001    0.001 Nexus.py:11(<module>)
        1    0.000    0.000    0.000    0.000 Nexus.py:155(StepMatrix)
        1    0.000    0.000    0.000    0.000 Nexus.py:47(NexusError)
        1    0.000    0.000    0.000    0.000 Nexus.py:505(Commandline)
        1    0.000    0.000    0.000    0.000 Nexus.py:51(CharBuffer)
        1    0.000    0.000    0.000    0.000 Nexus.py:542(Block)
        1    0.000    0.000    0.000    0.000 Nexus.py:549(Nexus)
        1    0.001    0.001    0.002    0.002 NexusIO.py:14(<module>)
        1    0.000    0.000    0.000    0.000 NexusIO.py:62(NexusWriter)
        1    0.000    0.000    0.000    0.000 Nodes.py:121(Node)
        1    0.000    0.000    0.000    0.000 Nodes.py:18(<module>)
        1    0.000    0.000    0.000    0.000 Nodes.py:18(ChainException)
        1    0.000    0.000    0.000    0.000 Nodes.py:22(NodeException)
        1    0.000    0.000    0.000    0.000 Nodes.py:26(Chain)
        1    0.000    0.000    0.000    0.000 PdbIO.py:5(<module>)
        1    0.000    0.000    0.000    0.000 Phd.py:17(<module>)
        1    0.000    0.000    0.000    0.000 Phd.py:27(Record)
        1    0.000    0.000    0.001    0.001 PhdIO.py:53(<module>)
        1    0.000    0.000    0.000    0.000 PhdIO.py:95(PhdWriter)
        1    0.000    0.000    0.000    0.000 PhylipIO.py:149(PhylipIterator)
        1    0.000    0.000    0.000    0.000 PhylipIO.py:269(RelaxedPhylipWriter)
        1    0.000    0.000    0.000    0.000 PhylipIO.py:295(RelaxedPhylipIterator)
        1    0.000    0.000    0.000    0.000 PhylipIO.py:314(SequentialPhylipWriter)
        1    0.000    0.000    0.000    0.000 PhylipIO.py:33(<module>)
        1    0.000    0.000    0.000    0.000 PhylipIO.py:366(SequentialPhylipIterator)
        1    0.000    0.000    0.000    0.000 PhylipIO.py:48(PhylipWriter)
        1    0.000    0.000    0.000    0.000 PirIO.py:87(<module>)
        1    0.000    0.000    0.000    0.000 QualityIO.py:1379(FastqPhredWriter)
        1    0.000    0.000    0.000    0.000 QualityIO.py:1454(QualPhredWriter)
        1    0.000    0.000    0.000    0.000 QualityIO.py:1564(FastqSolexaWriter)
        1    0.000    0.000    0.000    0.000 QualityIO.py:1642(FastqIlluminaWriter)
        1    0.000    0.000    0.001    0.001 QualityIO.py:363(<module>)
       63    0.000    0.000    0.000    0.000 QualityIO.py:383(solexa_quality_from_phred)
      167    0.000    0.000    0.000    0.000 QualityIO.py:476(phred_quality_from_solexa)
       95    0.000    0.000    0.000    0.000 QualityIO.py:542(<genexpr>)
      100    0.000    0.000    0.000    0.000 QualityIO.py:546(<genexpr>)
       64    0.000    0.000    0.000    0.000 QualityIO.py:662(<genexpr>)
       69    0.000    0.000    0.000    0.000 QualityIO.py:666(<genexpr>)
       69    0.000    0.000    0.000    0.000 QualityIO.py:730(<genexpr>)
       64    0.000    0.000    0.000    0.000 QualityIO.py:734(<genexpr>)
        1    0.000    0.000    0.000    0.000 SCOPData.py:5(<module>)
        1    0.000    0.000    0.000    0.000 Scanner.py:19(<module>)
        1    0.000    0.000    0.000    0.000 Scanner.py:39(InsdcScanner)
        1    0.000    0.000    0.000    0.000 Scanner.py:560(EmblScanner)
        1    0.000    0.000    0.000    0.000 Scanner.py:843(_ImgtScanner)
        1    0.000    0.000    0.000    0.000 Scanner.py:941(GenBankScanner)
        1    0.000    0.000    0.000    0.000 Seq.py:1057(UnknownSeq)
     7211    0.001    0.000    0.001    0.000 Seq.py:125(__str__)
        1    0.001    0.001    0.057    0.057 Seq.py:13(<module>)
        1    0.000    0.000    0.000    0.000 Seq.py:1469(MutableSeq)
     7211    0.003    0.000    0.004    0.000 Seq.py:182(__len__)
        2    0.000    0.000    0.000    0.000 Seq.py:32(_maketrans)
        1    0.000    0.000    0.000    0.000 Seq.py:59(Seq)
     7211    0.005    0.000    0.006    0.000 Seq.py:79(__init__)
        1    0.000    0.000    0.000    0.000 SeqFeature.py:1219(AbstractPosition)
        1    0.000    0.000    0.000    0.000 SeqFeature.py:1228(ExactPosition)
        1    0.000    0.000    0.000    0.000 SeqFeature.py:1290(UncertainPosition)
        1    0.000    0.000    0.000    0.000 SeqFeature.py:1299(UnknownPosition)
        1    0.000    0.000    0.000    0.000 SeqFeature.py:1329(WithinPosition)
        1    0.000    0.000    0.000    0.000 SeqFeature.py:1452(BetweenPosition)
        1    0.000    0.000    0.000    0.000 SeqFeature.py:1554(BeforePosition)
        1    0.000    0.000    0.000    0.000 SeqFeature.py:1617(AfterPosition)
        1    0.000    0.000    0.000    0.000 SeqFeature.py:1687(OneOfPosition)
        1    0.000    0.000    0.000    0.000 SeqFeature.py:1784(PositionGap)
        1    0.000    0.000    0.000    0.000 SeqFeature.py:471(Reference)
        1    0.000    0.000    0.000    0.000 SeqFeature.py:50(<module>)
        1    0.000    0.000    0.000    0.000 SeqFeature.py:520(FeatureLocation)
        1    0.000    0.000    0.000    0.000 SeqFeature.py:57(SeqFeature)
        1    0.000    0.000    0.000    0.000 SeqFeature.py:932(CompoundLocation)
     7211    0.022    0.000    0.040    0.000 SeqRecord.py:152(__init__)
        1    0.000    0.000    0.000    0.000 SeqRecord.py:21(_RestrictedDict)
    21633    0.004    0.000    0.004    0.000 SeqRecord.py:308(<lambda>)
     7211    0.005    0.000    0.290    0.000 SeqRecord.py:641(format)
     7211    0.033    0.000    0.285    0.000 SeqRecord.py:675(__format__)
     7211    0.006    0.000    0.006    0.000 SeqRecord.py:72(__init__)
        1    0.000    0.000    0.000    0.000 SeqRecord.py:8(<module>)
        1    0.000    0.000    0.000    0.000 SeqRecord.py:92(SeqRecord)
        1    0.000    0.000    0.000    0.000 SeqXmlIO.py:102(SeqXmlIterator)
        1    0.001    0.001    0.002    0.002 SeqXmlIO.py:13(<module>)
        1    0.000    0.000    0.000    0.000 SeqXmlIO.py:217(SeqXmlWriter)
        1    0.000    0.000    0.000    0.000 SeqXmlIO.py:32(XMLRecordIterator)
        1    0.000    0.000    0.000    0.000 SffIO.py:224(<module>)
        1    0.000    0.000    0.000    0.000 SffIO.py:754(_AddTellHandle)
        1    0.000    0.000    0.000    0.000 SffIO.py:962(SffWriter)
        1    0.000    0.000    0.000    0.000 StockholmIO.py:131(<module>)
        1    0.000    0.000    0.000    0.000 StockholmIO.py:141(StockholmWriter)
        1    0.000    0.000    0.000    0.000 StockholmIO.py:271(StockholmIterator)
        1    0.000    0.000    0.000    0.000 SwissIO.py:15(<module>)
        1    0.000    0.000    0.000    0.000 TabIO.py:32(<module>)
        1    0.000    0.000    0.000    0.000 TabIO.py:73(TabWriter)
        1    0.000    0.000    0.000    0.000 Trees.py:13(<module>)
        1    0.000    0.000    0.000    0.000 Trees.py:27(TreeError)
        1    0.000    0.000    0.000    0.000 Trees.py:31(NodeData)
        1    0.000    0.000    0.000    0.000 Trees.py:40(Tree)
        1    0.000    0.000    0.004    0.004 UniprotIO.py:17(<module>)
        1    0.000    0.000    0.000    0.000 UniprotIO.py:78(Parser)
        1    0.000    0.000    0.000    0.000 UserDict.py:4(__init__)
        1    0.000    0.000    0.000    0.000 UserDict.py:70(__contains__)
        1    0.000    0.000    0.000    0.000 __future__.py:48(<module>)
        1    0.000    0.000    0.000    0.000 __future__.py:74(_Feature)
        7    0.000    0.000    0.000    0.000 __future__.py:75(__init__)
        1    0.000    0.000    0.000    0.000 __init__.py:1(<module>)
        1    0.000    0.000    0.000    0.000 __init__.py:102(InuseAttributeErr)
        1    0.000    0.000    0.000    0.000 __init__.py:102(NucleotideAlphabet)
        1    0.000    0.000    0.000    0.000 __init__.py:105(InvalidStateErr)
        1    0.000    0.000    0.000    0.000 __init__.py:108(SyntaxErr)
        1    0.000    0.000    0.000    0.000 __init__.py:109(DNAAlphabet)
        1    0.000    0.000    0.003    0.003 __init__.py:109(cpu_count)
        4    0.001    0.000    0.058    0.014 __init__.py:11(<module>)
        1    0.000    0.000    0.000    0.000 __init__.py:111(InvalidModificationErr)
        1    0.000    0.000    0.000    0.000 __init__.py:114(NamespaceErr)
        1    0.000    0.000    0.000    0.000 __init__.py:117(InvalidAccessErr)
        1    0.000    0.000    0.000    0.000 __init__.py:119(RNAAlphabet)
        1    0.002    0.002    0.004    0.004 __init__.py:120(<module>)
        1    0.000    0.000    0.000    0.000 __init__.py:120(ValidationErr)
        1    0.000    0.000    0.000    0.000 __init__.py:123(UserDataHandler)
        1    0.000    0.000    0.000    0.000 __init__.py:1235(_RecordConsumer)
        1    0.000    0.000    0.000    0.000 __init__.py:128(SecondaryStructure)
        1    0.000    0.000    0.000    0.000 __init__.py:136(ThreeLetterProtein)
        1    0.000    0.000    0.000    0.000 __init__.py:14(Alphabet)
        1    0.000    0.000    0.001    0.001 __init__.py:15(<module>)
        1    0.000    0.000    0.000    0.000 __init__.py:150(AlphabetEncoder)
        1    0.000    0.000    0.000    0.000 __init__.py:17(<module>)
        1    0.000    0.000    0.000    0.000 __init__.py:18(MissingExternalDependencyError)
        1    0.000    0.000    0.000    0.000 __init__.py:18(Node)
        1    0.000    0.000    0.000    0.000 __init__.py:184(Gapped)
        1    0.000    0.000    0.001    0.001 __init__.py:20(<module>)
        1    0.000    0.000    0.000    0.000 __init__.py:208(HasStopCodon)
        1    0.000    0.000    0.000    0.000 __init__.py:21(<module>)
        1    0.001    0.001    0.003    0.003 __init__.py:24(<module>)
        1    0.000    0.000    0.000    0.000 __init__.py:24(MultipleSeqAlignment)
        1    0.000    0.000    0.000    0.000 __init__.py:27(MissingPythonDependencyError)
        1    0.000    0.000    0.000    0.000 __init__.py:28(Record)
        1    0.003    0.003    0.117    0.117 __init__.py:297(<module>)
        1    0.000    0.000    0.000    0.000 __init__.py:3(<module>)
        1    0.000    0.000    0.000    0.000 __init__.py:356(Iterator)
        1    0.003    0.003    0.030    0.030 __init__.py:38(<module>)
        1    0.000    0.000    0.000    0.000 __init__.py:38(BiopythonWarning)
        1    0.000    0.000    0.000    0.000 __init__.py:408(ParserFailureError)
        1    0.001    0.001    0.015    0.015 __init__.py:41(<module>)
        1    0.000    0.000    0.000    0.000 __init__.py:414(LocationParserError)
        1    0.000    0.000    0.000    0.000 __init__.py:420(FeatureParser)
     7211    0.048    0.000    0.248    0.000 __init__.py:427(write)
        1    0.001    0.001    0.003    0.003 __init__.py:44(<module>)
        1    0.000    0.000    0.000    0.000 __init__.py:457(RecordParser)
        1    0.000    0.000    0.000    0.000 __init__.py:486(_BaseGenBankConsumer)
     7212    0.003    0.000    0.136    0.000 __init__.py:487(parse)
        1    0.000    0.000    0.000    0.000 __init__.py:5(<module>)
        1    0.000    0.000    0.000    0.000 __init__.py:53(BiopythonParserWarning)
        1    0.000    0.000    0.000    0.000 __init__.py:603(_FeatureConsumer)
        1    0.000    0.000    0.000    0.000 __init__.py:61(DOMException)
        1    0.000    0.000    0.000    0.000 __init__.py:69(BiopythonDeprecationWarning)
        1    0.000    0.000    0.000    0.000 __init__.py:71(ProcessError)
        1    0.000    0.000    0.000    0.000 __init__.py:74(BufferTooShort)
        1    0.000    0.000    0.000    0.000 __init__.py:75(IndexSizeErr)
        1    0.000    0.000    0.000    0.000 __init__.py:77(TimeoutError)
        1    0.000    0.000    0.000    0.000 __init__.py:78(DomstringSizeErr)
        1    0.000    0.000    0.000    0.000 __init__.py:80(AuthenticationError)
        1    0.000    0.000    0.000    0.000 __init__.py:81(HierarchyRequestErr)
        1    0.000    0.000    0.000    0.000 __init__.py:83(SingleLetterAlphabet)
        1    0.000    0.000    0.000    0.000 __init__.py:84(WrongDocumentErr)
        1    0.000    0.000    0.000    0.000 __init__.py:87(InvalidCharacterErr)
        1    0.000    0.000    0.000    0.000 __init__.py:88(BiopythonExperimentalWarning)
        1    0.000    0.000    0.000    0.000 __init__.py:90(NoDataAllowedErr)
        1    0.000    0.000    0.000    0.000 __init__.py:92(Reference)
        1    0.000    0.000    0.000    0.000 __init__.py:93(NoModificationAllowedErr)
        1    0.000    0.000    0.000    0.000 __init__.py:93(ProteinAlphabet)
        1    0.000    0.000    0.000    0.000 __init__.py:96(NotFoundErr)
        1    0.000    0.000    0.000    0.000 __init__.py:99(NotSupportedErr)
        1    0.000    0.000    0.000    0.000 _exceptions.py:1(<module>)
        1    0.000    0.000    0.000    0.000 _exceptions.py:105(SAXNotRecognizedException)
        1    0.000    0.000    0.000    0.000 _exceptions.py:115(SAXNotSupportedException)
        1    0.000    0.000    0.000    0.000 _exceptions.py:125(SAXReaderNotAvailable)
        1    0.000    0.000    0.000    0.000 _exceptions.py:46(SAXParseException)
        1    0.000    0.000    0.000    0.000 _exceptions.py:9(SAXException)
        8    0.000    0.000    0.000    0.000 _weakrefset.py:16(__init__)
        8    0.000    0.000    0.000    0.000 _weakrefset.py:20(__enter__)
        8    0.000    0.000    0.000    0.000 _weakrefset.py:26(__exit__)
       19    0.000    0.000    0.000    0.000 _weakrefset.py:36(__init__)
        8    0.000    0.000    0.000    0.000 _weakrefset.py:52(_commit_removals)
       19    0.000    0.000    0.000    0.000 _weakrefset.py:58(__iter__)
        9    0.000    0.000    0.000    0.000 _weakrefset.py:68(__contains__)
       16    0.000    0.000    0.000    0.000 _weakrefset.py:81(add)
        8    0.000    0.000    0.000    0.000 abc.py:105(register)
        8    0.000    0.000    0.000    0.000 abc.py:148(__subclasscheck__)
        4    0.000    0.000    0.000    0.000 abc.py:86(__new__)
        4    0.000    0.000    0.000    0.000 abc.py:89(<genexpr>)
        1    0.000    0.000    0.000    0.000 atexit.py:37(register)
        1    0.000    0.000    0.000    0.000 atexit.py:6(<module>)
        1    0.000    0.000    0.000    0.000 base64.py:3(<module>)
        1    0.000    0.000    0.000    0.000 bisect.py:1(<module>)
        1    0.002    0.002    0.004    0.004 cElementTree.py:3(<module>)
        1    0.001    0.001    0.002    0.002 collections.py:1(<module>)
        1    0.000    0.000    0.000    0.000 collections.py:26(OrderedDict)
        2    0.001    0.001    0.002    0.001 collections.py:288(namedtuple)
       99    0.000    0.000    0.000    0.000 collections.py:329(<genexpr>)
       13    0.000    0.000    0.000    0.000 collections.py:353(<genexpr>)
       13    0.000    0.000    0.000    0.000 collections.py:355(<genexpr>)
        1    0.000    0.000    0.000    0.000 collections.py:387(Counter)
        1    0.000    0.000    0.000    0.000 commands.py:20(<module>)
        1    0.000    0.000    0.000    0.000 contextlib.py:1(<module>)
     7212    0.002    0.000    0.002    0.000 contextlib.py:12(__init__)
        1    0.000    0.000    0.000    0.000 contextlib.py:132(closing)
     7212    0.004    0.000    0.009    0.000 contextlib.py:15(__enter__)
     7212    0.012    0.000    0.013    0.000 contextlib.py:21(__exit__)
        2    0.000    0.000    0.000    0.000 contextlib.py:54(contextmanager)
     7212    0.007    0.000    0.008    0.000 contextlib.py:82(helper)
        1    0.000    0.000    0.000    0.000 contextlib.py:9(GeneratorContextManager)
        1    0.000    0.000    0.000    0.000 copy.py:66(copy)
        1    0.000    0.000    0.000    0.000 csv.py:123(DictWriter)
        1    0.000    0.000    0.000    0.000 csv.py:162(Sniffer)
        1    0.000    0.000    0.000    0.000 csv.py:26(Dialect)
        1    0.001    0.001    0.001    0.001 csv.py:4(<module>)
        1    0.000    0.000    0.000    0.000 csv.py:57(excel)
        1    0.000    0.000    0.000    0.000 csv.py:67(excel_tab)
        1    0.000    0.000    0.000    0.000 csv.py:73(DictReader)
        1    0.002    0.002    0.002    0.002 dbapi2.py:24(<module>)
        1    0.000    0.000    0.000    0.000 dbapi2.py:55(register_adapters_and_converters)
        1    0.000    0.000    0.000    0.000 domreg.py:3(<module>)
        2    0.000    0.000    0.000    0.000 functools.py:17(update_wrapper)
        2    0.000    0.000    0.000    0.000 functools.py:39(wraps)
        1    0.000    0.000    0.000    0.000 genericpath.py:26(isfile)
        1    0.000    0.000    0.000    0.000 handler.py:10(<module>)
        1    0.000    0.000    0.000    0.000 handler.py:208(DTDHandler)
        1    0.000    0.000    0.000    0.000 handler.py:22(ErrorHandler)
        1    0.000    0.000    0.000    0.000 handler.py:223(EntityResolver)
        1    0.000    0.000    0.000    0.000 handler.py:47(ContentHandler)
        1    0.002    0.002    0.002    0.002 hashlib.py:55(<module>)
        6    0.000    0.000    0.000    0.000 hashlib.py:94(__get_openssl_constructor)
        1    0.000    0.000    0.000    0.000 heapq.py:31(<module>)
        1    0.000    0.000    0.000    0.000 httplib.py:1059(HTTP)
        1    0.000    0.000    0.000    0.000 httplib.py:1155(HTTPSConnection)
        1    0.000    0.000    0.000    0.000 httplib.py:1180(HTTPS)
        1    0.000    0.000    0.000    0.000 httplib.py:1213(HTTPException)
        1    0.000    0.000    0.000    0.000 httplib.py:1218(NotConnected)
        1    0.000    0.000    0.000    0.000 httplib.py:1221(InvalidURL)
        1    0.000    0.000    0.000    0.000 httplib.py:1224(UnknownProtocol)
        1    0.000    0.000    0.000    0.000 httplib.py:1229(UnknownTransferEncoding)
        1    0.000    0.000    0.000    0.000 httplib.py:1232(UnimplementedFileMode)
        1    0.000    0.000    0.000    0.000 httplib.py:1235(IncompleteRead)
        1    0.000    0.000    0.000    0.000 httplib.py:1249(ImproperConnectionState)
        1    0.000    0.000    0.000    0.000 httplib.py:1252(CannotSendRequest)
        1    0.000    0.000    0.000    0.000 httplib.py:1255(CannotSendHeader)
        1    0.000    0.000    0.000    0.000 httplib.py:1258(ResponseNotReady)
        1    0.000    0.000    0.000    0.000 httplib.py:1261(BadStatusLine)
        1    0.000    0.000    0.000    0.000 httplib.py:1268(LineTooLong)
        1    0.000    0.000    0.000    0.000 httplib.py:1276(LineAndFileWrapper)
        1    0.000    0.000    0.000    0.000 httplib.py:218(HTTPMessage)
        1    0.000    0.000    0.000    0.000 httplib.py:325(HTTPResponse)
        1    0.003    0.003    0.016    0.016 httplib.py:67(<module>)
        1    0.000    0.000    0.000    0.000 httplib.py:680(HTTPConnection)
        1    0.001    0.001    0.002    0.002 io.py:34(<module>)
        1    0.000    0.000    0.000    0.000 io.py:69(IOBase)
        1    0.000    0.000    0.000    0.000 io.py:72(RawIOBase)
        1    0.000    0.000    0.000    0.000 io.py:75(BufferedIOBase)
        1    0.000    0.000    0.000    0.000 io.py:78(TextIOBase)
        1    0.000    0.000    0.000    0.000 keyword.py:11(<module>)
        1    0.001    0.001    0.005    0.005 mimetools.py:1(<module>)
        1    0.000    0.000    0.000    0.000 mimetools.py:20(Message)
        1    0.000    0.000    0.000    0.000 minicompat.py:1(<module>)
        1    0.000    0.000    0.000    0.000 minicompat.py:51(NodeList)
        1    0.000    0.000    0.000    0.000 minicompat.py:75(EmptyNodeList)
        1    0.000    0.000    0.000    0.000 os.py:35(_get_exports_list)
        1    0.000    0.000    0.000    0.000 pickle.py:1261(_EmptyClass)
        1    0.000    0.000    0.000    0.000 pickle.py:171(Pickler)
        1    0.002    0.002    0.003    0.003 pickle.py:25(<module>)
        1    0.000    0.000    0.000    0.000 pickle.py:58(PickleError)
        1    0.000    0.000    0.000    0.000 pickle.py:62(PicklingError)
        1    0.000    0.000    0.000    0.000 pickle.py:69(UnpicklingError)
        1    0.000    0.000    0.000    0.000 pickle.py:82(_Stop)
        1    0.000    0.000    0.000    0.000 pickle.py:827(Unpickler)
        1    0.000    0.000    0.000    0.000 posixpath.py:321(normpath)
        1    0.000    0.000    0.000    0.000 posixpath.py:350(abspath)
        1    0.000    0.000    0.000    0.000 posixpath.py:59(isabs)
        2    0.000    0.000    0.000    0.000 posixpath.py:89(split)
        1    0.000    0.000    0.000    0.000 process.py:285(AuthenticationString)
        1    0.000    0.000    0.000    0.000 process.py:299(_MainProcess)
        1    0.000    0.000    0.000    0.000 process.py:301(__init__)
        1    0.000    0.000    0.000    0.000 process.py:35(<module>)
        1    0.000    0.000    0.000    0.000 process.py:86(Process)
        1    0.000    0.000    0.000    0.000 pulldom.py:1(<module>)
        1    0.000    0.000    0.000    0.000 pulldom.py:19(PullDOM)
        1    0.000    0.000    0.000    0.000 pulldom.py:202(ErrorHandler)
        1    0.000    0.000    0.000    0.000 pulldom.py:210(DOMEventStream)
        1    0.000    0.000    0.000    0.000 pulldom.py:295(SAX2DOM)
        1    0.000    0.000    0.000    0.000 random.py:100(seed)
        1    0.001    0.001    0.001    0.001 random.py:40(<module>)
        1    0.000    0.000    0.000    0.000 random.py:650(WichmannHill)
        1    0.000    0.000    0.000    0.000 random.py:72(Random)
        1    0.000    0.000    0.000    0.000 random.py:800(SystemRandom)
        1    0.000    0.000    0.000    0.000 random.py:91(__init__)
      117    0.000    0.000    0.001    0.000 re.py:134(match)
       24    0.000    0.000    0.017    0.001 re.py:188(compile)
      141    0.000    0.000    0.018    0.000 re.py:226(_compile)
        1    0.000    0.000    0.000    0.000 rfc822.py:496(AddrlistClass)
        1    0.000    0.000    0.000    0.000 rfc822.py:71(<module>)
        1    0.000    0.000    0.000    0.000 rfc822.py:770(AddressList)
        1    0.000    0.000    0.000    0.000 rfc822.py:85(Message)
        1    0.000    0.000    0.000    0.000 saxutils.py:109(XMLGenerator)
        1    0.000    0.000    0.000    0.000 saxutils.py:196(XMLFilterBase)
        1    0.000    0.000    0.000    0.000 saxutils.py:4(<module>)
        1    0.000    0.000    0.000    0.000 socket.py:167(_closedsocket)
        1    0.000    0.000    0.000    0.000 socket.py:179(_socketobject)
        1    0.000    0.000    0.000    0.000 socket.py:235(_fileobject)
        1    0.004    0.004    0.004    0.004 socket.py:45(<module>)
      187    0.001    0.000    0.003    0.000 sre_compile.py:178(_compile_charset)
      187    0.002    0.000    0.003    0.000 sre_compile.py:207(_optimize_charset)
      298    0.000    0.000    0.000    0.000 sre_compile.py:24(_identityfunction)
       13    0.001    0.000    0.001    0.000 sre_compile.py:258(_mk_bitmap)
   394/20    0.002    0.000    0.007    0.000 sre_compile.py:32(_compile)
      207    0.000    0.000    0.000    0.000 sre_compile.py:354(_simple)
       20    0.000    0.000    0.002    0.000 sre_compile.py:359(_compile_info)
       40    0.000    0.000    0.000    0.000 sre_compile.py:472(isstring)
       20    0.000    0.000    0.009    0.000 sre_compile.py:478(_code)
       20    0.000    0.000    0.018    0.001 sre_compile.py:493(compile)
       20    0.000    0.000    0.000    0.000 sre_compile.py:51(fixup)
      945    0.000    0.000    0.000    0.000 sre_parse.py:126(__len__)
     1980    0.001    0.000    0.002    0.000 sre_parse.py:130(__getitem__)
      207    0.000    0.000    0.000    0.000 sre_parse.py:134(__setitem__)
      655    0.000    0.000    0.000    0.000 sre_parse.py:138(append)
  601/227    0.001    0.000    0.001    0.000 sre_parse.py:140(getwidth)
       20    0.000    0.000    0.000    0.000 sre_parse.py:178(__init__)
     1354    0.001    0.000    0.001    0.000 sre_parse.py:182(__next)
      810    0.000    0.000    0.000    0.000 sre_parse.py:195(match)
     1145    0.000    0.000    0.002    0.000 sre_parse.py:201(get)
        1    0.000    0.000    0.000    0.000 sre_parse.py:205(tell)
        9    0.000    0.000    0.000    0.000 sre_parse.py:225(_class_escape)
      280    0.000    0.000    0.000    0.000 sre_parse.py:257(_escape)
    92/20    0.000    0.000    0.008    0.000 sre_parse.py:301(_parse_sub)
   151/22    0.003    0.000    0.008    0.000 sre_parse.py:379(_parse)
       20    0.000    0.000    0.000    0.000 sre_parse.py:67(__init__)
       20    0.000    0.000    0.008    0.000 sre_parse.py:675(parse)
       70    0.000    0.000    0.000    0.000 sre_parse.py:72(opengroup)
       70    0.000    0.000    0.000    0.000 sre_parse.py:83(closegroup)
        1    0.000    0.000    0.000    0.000 sre_parse.py:85(checkgroup)
      394    0.000    0.000    0.000    0.000 sre_parse.py:90(__init__)
        1    0.000    0.000    0.000    0.000 ssl.py:100(SSLSocket)
        1    0.000    0.000    0.000    0.000 ssl.py:56(<module>)
        1    0.000    0.000    0.000    0.000 stat.py:24(S_IFMT)
        1    0.000    0.000    0.000    0.000 stat.py:49(S_ISREG)
        1    0.000    0.000    0.000    0.000 subprocess.py:1098(_get_handles)
        6    0.000    0.000    0.000    0.000 subprocess.py:1147(_set_cloexec_flag)
        3    0.000    0.000    0.000    0.000 subprocess.py:1160(pipe_cloexec)
        1    0.000    0.000    0.003    0.003 subprocess.py:1186(_execute_child)
        2    0.000    0.000    0.000    0.000 subprocess.py:1207(_close_in_parent)
        1    0.000    0.000    0.000    0.000 subprocess.py:1329(_handle_exitstatus)
        1    0.000    0.000    0.000    0.000 subprocess.py:1343(_internal_poll)
        1    0.000    0.000    0.000    0.000 subprocess.py:1370(wait)
        1    0.000    0.000    0.136    0.136 subprocess.py:1391(_communicate)
        1    0.018    0.018    0.136    0.136 subprocess.py:1424(_communicate_with_poll)
        2    0.000    0.000    0.000    0.000 subprocess.py:1431(register_and_append)
        2    0.000    0.000    0.000    0.000 subprocess.py:1435(close_unregister_and_remove)
        1    0.003    0.003    0.005    0.005 subprocess.py:387(<module>)
        1    0.000    0.000    0.000    0.000 subprocess.py:400(CalledProcessError)
        1    0.000    0.000    0.000    0.000 subprocess.py:458(_cleanup)
        2    0.000    0.000    0.002    0.001 subprocess.py:473(_eintr_retry_call)
        1    0.000    0.000    0.000    0.000 subprocess.py:647(Popen)
        1    0.000    0.000    0.003    0.003 subprocess.py:648(__init__)
        1    0.000    0.000    0.000    0.000 subprocess.py:753(__del__)
        1    0.000    0.000    0.136    0.136 subprocess.py:767(communicate)
        1    0.000    0.000    0.000    0.000 tempfile.py:108(_RandomNameSequence)
        1    0.001    0.001    0.004    0.004 tempfile.py:18(<module>)
        1    0.000    0.000    0.000    0.000 tempfile.py:372(_TemporaryFileWrapper)
        1    0.000    0.000    0.000    0.000 tempfile.py:501(SpooledTemporaryFile)
        1    0.000    0.000    0.001    0.001 threading.py:1(<module>)
        1    0.000    0.000    0.000    0.000 threading.py:1058(_Timer)
        1    0.000    0.000    0.000    0.000 threading.py:1088(_MainThread)
        1    0.000    0.000    0.000    0.000 threading.py:1090(__init__)
        1    0.000    0.000    0.000    0.000 threading.py:1097(_set_daemon)
        1    0.000    0.000    0.000    0.000 threading.py:1128(_DummyThread)
        1    0.000    0.000    0.000    0.000 threading.py:124(_RLock)
        2    0.000    0.000    0.000    0.000 threading.py:241(Condition)
        1    0.000    0.000    0.000    0.000 threading.py:254(_Condition)
        2    0.000    0.000    0.000    0.000 threading.py:259(__init__)
        1    0.000    0.000    0.000    0.000 threading.py:299(_is_owned)
        1    0.000    0.000    0.000    0.000 threading.py:372(notify)
        1    0.000    0.000    0.000    0.000 threading.py:399(notifyAll)
        1    0.000    0.000    0.000    0.000 threading.py:422(_Semaphore)
        1    0.000    0.000    0.000    0.000 threading.py:514(_BoundedSemaphore)
        1    0.000    0.000    0.000    0.000 threading.py:541(Event)
        1    0.000    0.000    0.000    0.000 threading.py:551(_Event)
        1    0.000    0.000    0.000    0.000 threading.py:56(_Verbose)
        1    0.000    0.000    0.000    0.000 threading.py:560(__init__)
        1    0.000    0.000    0.000    0.000 threading.py:575(set)
        4    0.000    0.000    0.000    0.000 threading.py:58(__init__)
        1    0.000    0.000    0.000    0.000 threading.py:63(_note)
        1    0.000    0.000    0.000    0.000 threading.py:640(Thread)
        1    0.000    0.000    0.000    0.000 threading.py:656(__init__)
        1    0.000    0.000    0.000    0.000 threading.py:789(_set_ident)
        1    0.000    0.000    0.000    0.000 urllib.py:1003(addinfourl)
        1    0.000    0.000    0.000    0.000 urllib.py:110(ContentTooShortError)
        1    0.000    0.000    0.000    0.000 urllib.py:116(URLopener)
      485    0.001    0.000    0.001    0.000 urllib.py:1203(<genexpr>)
        1    0.001    0.001    0.002    0.002 urllib.py:23(<module>)
        1    0.000    0.000    0.000    0.000 urllib.py:610(FancyURLopener)
        1    0.000    0.000    0.000    0.000 urllib.py:854(ftpwrapper)
        1    0.000    0.000    0.000    0.000 urllib.py:949(addbase)
        1    0.000    0.000    0.000    0.000 urllib.py:978(addclosehook)
        1    0.000    0.000    0.000    0.000 urllib.py:993(addinfo)
        1    0.000    0.000    0.000    0.000 urllib2.py:1072(HTTPDigestAuthHandler)
        1    0.000    0.000    0.000    0.000 urllib2.py:1090(ProxyDigestAuthHandler)
        1    0.000    0.000    0.000    0.000 urllib2.py:1102(AbstractHTTPHandler)
        1    0.000    0.000    0.000    0.000 urllib2.py:1211(HTTPHandler)
        1    0.000    0.000    0.000    0.000 urllib2.py:1219(HTTPSHandler)
        1    0.000    0.000    0.000    0.000 urllib2.py:1226(HTTPCookieProcessor)
        1    0.000    0.000    0.000    0.000 urllib2.py:1244(UnknownHandler)
        1    0.000    0.000    0.000    0.000 urllib2.py:1308(FileHandler)
        1    0.000    0.000    0.000    0.000 urllib2.py:1360(FTPHandler)
        1    0.000    0.000    0.000    0.000 urllib2.py:137(URLError)
        1    0.000    0.000    0.000    0.000 urllib2.py:1420(CacheFTPHandler)
        1    0.000    0.000    0.000    0.000 urllib2.py:150(HTTPError)
        1    0.000    0.000    0.000    0.000 urllib2.py:197(Request)
        1    0.000    0.000    0.000    0.000 urllib2.py:311(OpenerDirector)
        1    0.000    0.000    0.000    0.000 urllib2.py:493(BaseHandler)
        1    0.000    0.000    0.000    0.000 urllib2.py:512(HTTPErrorProcessor)
        1    0.000    0.000    0.000    0.000 urllib2.py:529(HTTPDefaultErrorHandler)
        1    0.000    0.000    0.000    0.000 urllib2.py:533(HTTPRedirectHandler)
        1    0.000    0.000    0.000    0.000 urllib2.py:710(ProxyHandler)
        1    0.000    0.000    0.000    0.000 urllib2.py:753(HTTPPasswordMgr)
        1    0.003    0.003    0.026    0.026 urllib2.py:76(<module>)
        1    0.000    0.000    0.000    0.000 urllib2.py:817(HTTPPasswordMgrWithDefaultRealm)
        1    0.000    0.000    0.001    0.001 urllib2.py:827(AbstractBasicAuthHandler)
        1    0.000    0.000    0.000    0.000 urllib2.py:890(HTTPBasicAuthHandler)
        1    0.000    0.000    0.000    0.000 urllib2.py:902(ProxyBasicAuthHandler)
        1    0.000    0.000    0.000    0.000 urllib2.py:932(AbstractDigestAuthHandler)
        1    0.000    0.000    0.000    0.000 urlparse.py:120(SplitResult)
        1    0.000    0.000    0.000    0.000 urlparse.py:128(ParseResult)
        1    0.000    0.000    0.003    0.003 urlparse.py:29(<module>)
      485    0.001    0.000    0.001    0.000 urlparse.py:331(<genexpr>)
        1    0.000    0.000    0.000    0.000 urlparse.py:73(ResultMixin)
        1    0.000    0.000    0.000    0.000 util.py:171(Finalize)
        1    0.000    0.000    0.000    0.000 util.py:330(ForkAwareThreadLock)
        1    0.000    0.000    0.000    0.000 util.py:340(ForkAwareLocal)
        1    0.001    0.001    0.001    0.001 util.py:35(<module>)
        1    0.000    0.000    0.000    0.000 utils.py:10(FeatureValueCleaner)
        1    0.000    0.000    0.000    0.000 utils.py:32(__init__)
        1    0.000    0.000    0.000    0.000 utils.py:7(<module>)
        3    0.000    0.000    0.000    0.000 warnings.py:14(warnpy3k)
        2    0.000    0.000    0.000    0.000 warnings.py:318(__init__)
        2    0.000    0.000    0.000    0.000 warnings.py:339(__enter__)
        2    0.000    0.000    0.000    0.000 warnings.py:355(__exit__)
        1    0.000    0.000    0.000    0.000 warnings.py:45(filterwarnings)
        1    0.000    0.000    0.000    0.000 weakref.py:47(__init__)
        1    0.000    0.000    0.000    0.000 xmlreader.py:11(XMLReader)
        1    0.000    0.000    0.000    0.000 xmlreader.py:163(Locator)
        1    0.000    0.000    0.000    0.000 xmlreader.py:187(InputSource)
        1    0.000    0.000    0.000    0.000 xmlreader.py:2(<module>)
        1    0.000    0.000    0.000    0.000 xmlreader.py:276(AttributesImpl)
        1    0.000    0.000    0.000    0.000 xmlreader.py:341(AttributesNSImpl)
        1    0.000    0.000    0.000    0.000 xmlreader.py:91(IncrementalParser)
        1    0.000    0.000    0.000    0.000 {_csv.reader}
        2    0.000    0.000    0.000    0.000 {_csv.register_dialect}
        1    0.000    0.000    0.000    0.000 {_elementtree.Element}
        1    0.000    0.000    0.000    0.000 {_hashlib.openssl_md5}
        1    0.000    0.000    0.000    0.000 {_hashlib.openssl_sha1}
        1    0.000    0.000    0.000    0.000 {_hashlib.openssl_sha224}
        1    0.000    0.000    0.000    0.000 {_hashlib.openssl_sha256}
        1    0.000    0.000    0.000    0.000 {_hashlib.openssl_sha384}
        1    0.000    0.000    0.000    0.000 {_hashlib.openssl_sha512}
        1    0.000    0.000    0.000    0.000 {_sqlite3.connect}
        2    0.000    0.000    0.000    0.000 {_sqlite3.register_adapter}
        2    0.000    0.000    0.000    0.000 {_sqlite3.register_converter}
       20    0.000    0.000    0.000    0.000 {_sre.compile}
       39    0.000    0.000    0.000    0.000 {_sre.getlower}
       13    0.000    0.000    0.000    0.000 {all}
        1    0.000    0.000    0.000    0.000 {binascii.hexlify}
        4    0.000    0.000    0.000    0.000 {built-in method __new__ of type object at 0x100182f00}
     6228    0.095    0.000    0.095    0.000 {built-in method poll}
        2    0.000    0.000    0.000    0.000 {built-in method register}
        2    0.000    0.000    0.000    0.000 {built-in method unregister}
     7211    0.002    0.000    0.002    0.000 {cStringIO.StringIO}
     1679    0.000    0.000    0.000    0.000 {chr}
        2    0.000    0.000    0.000    0.000 {dir}
       12    0.000    0.000    0.000    0.000 {fcntl.fcntl}
        1    0.000    0.000    0.000    0.000 {function seed at 0x10249f7d0}
        1    0.000    0.000    0.000    0.000 {gc.disable}
        1    0.000    0.000    0.000    0.000 {gc.enable}
        1    0.000    0.000    0.000    0.000 {gc.isenabled}
      107    0.000    0.000    0.000    0.000 {getattr}
        6    0.000    0.000    0.000    0.000 {globals}
       10    0.000    0.000    0.000    0.000 {hasattr}
    74169    0.014    0.000    0.014    0.000 {isinstance}
    28/17    0.000    0.000    0.000    0.000 {issubclass}
33764/26307    0.007    0.000    0.010    0.000 {len}
        2    0.000    0.000    0.000    0.000 {map}
        1    0.000    0.000    0.000    0.000 {math.exp}
      231    0.000    0.000    0.000    0.000 {math.log}
        1    0.000    0.000    0.000    0.000 {math.sqrt}
      213    0.000    0.000    0.000    0.000 {max}
       13    0.000    0.000    0.000    0.000 {method '__contains__' of 'frozenset' objects}
        8    0.000    0.000    0.000    0.000 {method '__subclasses__' of 'type' objects}
        8    0.000    0.000    0.000    0.000 {method '__subclasshook__' of 'object' objects}
        2    0.000    0.000    0.000    0.000 {method 'acquire' of 'thread.lock' objects}
       35    0.000    0.000    0.000    0.000 {method 'add' of 'set' objects}
    16400    0.002    0.000    0.002    0.000 {method 'append' of 'list' objects}
        5    0.000    0.000    0.000    0.000 {method 'close' of 'file' objects}
        1    0.000    0.000    0.000    0.000 {method 'close' of 'sqlite3.Connection' objects}
        1    0.008    0.008    0.008    0.008 {method 'commit' of 'sqlite3.Connection' objects}
        1    0.000    0.000    0.000    0.000 {method 'count' of 'list' objects}
        1    0.000    0.000    0.000    0.000 {method 'cursor' of 'sqlite3.Connection' objects}
        1    0.000    0.000    0.000    0.000 {method 'disable' of '_lsprof.Profiler' objects}
        4    0.000    0.000    0.000    0.000 {method 'endswith' of 'str' objects}
       15    0.001    0.000    0.001    0.000 {method 'execute' of 'sqlite3.Cursor' objects}
       14    0.003    0.000    0.003    0.000 {method 'executemany' of 'sqlite3.Cursor' objects}
       27    0.000    0.000    0.000    0.000 {method 'extend' of 'list' objects}
        5    0.000    0.000    0.000    0.000 {method 'fileno' of 'file' objects}
        1    0.000    0.000    0.000    0.000 {method 'flush' of 'file' objects}
      215    0.000    0.000    0.000    0.000 {method 'format' of 'str' objects}
     3248    0.000    0.000    0.000    0.000 {method 'get' of 'dict' objects}
     7211    0.002    0.000    0.002    0.000 {method 'getvalue' of 'cStringIO.StringO' objects}
       56    0.000    0.000    0.000    0.000 {method 'group' of '_sre.SRE_Match' objects}
        1    0.000    0.000    0.000    0.000 {method 'insert' of 'list' objects}
       86    0.000    0.000    0.000    0.000 {method 'isalnum' of 'str' objects}
       13    0.000    0.000    0.000    0.000 {method 'isdigit' of 'str' objects}
     5238    0.001    0.000    0.001    0.000 {method 'issuperset' of 'set' objects}
      512    0.000    0.000    0.000    0.000 {method 'items' of 'dict' objects}
     7222    0.003    0.000    0.003    0.000 {method 'join' of 'str' objects}
     1157    0.000    0.000    0.000    0.000 {method 'keys' of 'dict' objects}
     7217    0.002    0.000    0.002    0.000 {method 'lower' of 'str' objects}
      310    0.000    0.000    0.000    0.000 {method 'match' of '_sre.SRE_Pattern' objects}
        2    0.000    0.000    0.000    0.000 {method 'pop' of 'dict' objects}
        1    0.003    0.003    0.003    0.003 {method 'read' of 'file' objects}
    14426    0.030    0.000    0.030    0.000 {method 'readline' of 'file' objects}
        1    0.000    0.000    0.000    0.000 {method 'release' of 'thread.lock' objects}
       70    0.000    0.000    0.000    0.000 {method 'remove' of 'list' objects}
       10    0.000    0.000    0.000    0.000 {method 'remove' of 'set' objects}
    58847    0.015    0.000    0.015    0.000 {method 'replace' of 'str' objects}
        2    0.000    0.000    0.000    0.000 {method 'rfind' of 'str' objects}
    14440    0.004    0.000    0.004    0.000 {method 'rstrip' of 'str' objects}
       28    0.000    0.000    0.000    0.000 {method 'search' of '_sre.SRE_Pattern' objects}
        6    0.000    0.000    0.000    0.000 {method 'setter' of 'property' objects}
       17    0.000    0.000    0.000    0.000 {method 'sort' of 'list' objects}
    14535    0.006    0.000    0.006    0.000 {method 'split' of 'str' objects}
       23    0.000    0.000    0.000    0.000 {method 'splitlines' of 'str' objects}
       15    0.000    0.000    0.000    0.000 {method 'startswith' of 'str' objects}
       25    0.000    0.000    0.000    0.000 {method 'strip' of 'str' objects}
     7213    0.004    0.000    0.004    0.000 {method 'update' of 'dict' objects}
        2    0.000    0.000    0.000    0.000 {method 'update' of 'set' objects}
        2    0.000    0.000    0.000    0.000 {method 'upper' of 'str' objects}
        3    0.000    0.000    0.000    0.000 {method 'values' of 'dict' objects}
    50185    0.023    0.000    0.023    0.000 {method 'write' of 'cStringIO.StringO' objects}
     1263    0.000    0.000    0.000    0.000 {min}
        4    0.000    0.000    0.000    0.000 {open}
      549    0.000    0.000    0.000    0.000 {ord}
        1    0.000    0.000    0.000    0.000 {posix.WEXITSTATUS}
        1    0.000    0.000    0.000    0.000 {posix.WIFEXITED}
        1    0.000    0.000    0.000    0.000 {posix.WIFSIGNALED}
        4    0.000    0.000    0.000    0.000 {posix.close}
        2    0.000    0.000    0.000    0.000 {posix.fdopen}
        1    0.001    0.001    0.001    0.001 {posix.fork}
        1    0.000    0.000    0.000    0.000 {posix.getcwd}
        3    0.000    0.000    0.000    0.000 {posix.pipe}
        1    0.000    0.000    0.000    0.000 {posix.popen}
       28    0.002    0.000    0.002    0.000 {posix.read}
        1    0.000    0.000    0.000    0.000 {posix.stat}
        1    0.000    0.000    0.000    0.000 {posix.sysconf}
        2    0.000    0.000    0.000    0.000 {posix.urandom}
        1    0.000    0.000    0.000    0.000 {posix.waitpid}
     6201    0.022    0.000    0.022    0.000 {posix.write}
     7268    0.004    0.000    0.004    0.000 {range}
        2    0.000    0.000    0.000    0.000 {repr}
      230    0.000    0.000    0.000    0.000 {round}
        1    0.000    0.000    0.000    0.000 {select.poll}
       20    0.000    0.000    0.000    0.000 {setattr}
      372    0.002    0.000    0.017    0.000 {sorted}
        2    0.000    0.000    0.000    0.000 {strop.maketrans}
        2    0.000    0.000    0.000    0.000 {sys._getframe}
        5    0.000    0.000    0.000    0.000 {thread.allocate_lock}
        2    0.000    0.000    0.000    0.000 {thread.get_ident}
        1    0.000    0.000    0.000    0.000 {zip}


